Log file open, 10/25/17 22:32:15
LogWindows: LoadLibraryWithSearchPaths failed for file aqProf.dll. GetLastError=0
LogWindows: LoadLibraryWithSearchPaths failed for file VtuneApi.dll. GetLastError=0
LogWindows: LoadLibraryWithSearchPaths failed for file VtuneApi32e.dll. GetLastError=0
LogInit: Display: Running engine for game: Diploma_Projekt
LogPlatformFile: Not using cached read wrapper
LogInit: Display: RandInit(-260022731) SRandInit(-260022731).
LogTaskGraph: Started task graph with 5 named threads and 14 total threads with 3 sets of task threads.
LogStats: Stats thread started at 0.140974
LogD3D11RHI: Aftermath initialized
LogPluginManager: Mounting plugin Paper2D
LogPluginManager: Mounting plugin LightPropagationVolume
LogPluginManager: Mounting plugin CodeLiteSourceCodeAccess
LogPluginManager: Mounting plugin GitSourceControl
LogPluginManager: Mounting plugin KDevelopSourceCodeAccess
LogPluginManager: Mounting plugin NullSourceCodeAccess
LogPluginManager: Mounting plugin PerforceSourceControl
LogPluginManager: Mounting plugin SubversionSourceControl
LogPluginManager: Mounting plugin UObjectPlugin
LogPluginManager: Mounting plugin VisualStudioSourceCodeAccess
LogPluginManager: Mounting plugin XCodeSourceCodeAccess
LogPluginManager: Mounting plugin AssetManagerEditor
LogPluginManager: Mounting plugin AudioCapture
LogPluginManager: Mounting plugin FacialAnimation
LogPluginManager: Mounting plugin GameplayTagsEditor
LogPluginManager: Mounting plugin MobileLauncherProfileWizard
LogPluginManager: Mounting plugin PluginBrowser
LogPluginManager: Mounting plugin SpeedTreeImporter
LogPluginManager: Mounting plugin AlembicImporter
LogPluginManager: Mounting plugin CharacterAI
LogPluginManager: Mounting plugin HTML5Networking
LogPluginManager: Mounting plugin AndroidMedia
LogPluginManager: Mounting plugin AvfMedia
LogPluginManager: Mounting plugin MediaPlayerEditor
LogPluginManager: Mounting plugin WmfMedia
LogPluginManager: Mounting plugin TcpMessaging
LogPluginManager: Mounting plugin UdpMessaging
LogPluginManager: Mounting plugin LevelSequenceEditor
LogPluginManager: Mounting plugin MatineeToLevelSequence
LogPluginManager: Mounting plugin OnlineSubsystemGooglePlay
LogPluginManager: Mounting plugin OnlineSubsystemIOS
LogPluginManager: Mounting plugin OnlineSubsystem
LogPluginManager: Mounting plugin OnlineSubsystemNull
LogPluginManager: Mounting plugin OnlineSubsystemUtils
LogPluginManager: Mounting plugin AndroidDeviceProfileSelector
LogPluginManager: Mounting plugin AndroidMoviePlayer
LogPluginManager: Mounting plugin AndroidPermission
LogPluginManager: Mounting plugin AppleMoviePlayer
LogPluginManager: Mounting plugin ArchVisCharacter
LogPluginManager: Mounting plugin CableComponent
LogPluginManager: Mounting plugin CustomMeshComponent
LogPluginManager: Mounting plugin ExampleDeviceProfileSelector
LogPluginManager: Mounting plugin GoogleCloudMessaging
LogPluginManager: Mounting plugin ImmediatePhysics
LogPluginManager: Mounting plugin IOSDeviceProfileSelector
LogPluginManager: Mounting plugin LinuxDeviceProfileSelector
LogPluginManager: Mounting plugin LocationServicesBPLibrary
LogPluginManager: Mounting plugin MobilePatchingUtils
LogPluginManager: Mounting plugin OculusVR
LogPluginManager: Mounting plugin PhysXVehicles
LogPluginManager: Mounting plugin ProceduralMeshComponent
LogPluginManager: Mounting plugin RuntimePhysXCooking
LogPluginManager: Mounting plugin SteamVR
LogPluginManager: Mounting plugin WindowsMoviePlayer
LogInit: Using libcurl 7.47.1
LogInit:  - built for x86_64-pc-win32
LogInit:  - supports SSL with OpenSSL/1.0.2g
LogInit:  - supports HTTP deflate (compression) using libz 1.2.8
LogInit:  - other features:
LogInit:      CURL_VERSION_SSL
LogInit:      CURL_VERSION_LIBZ
LogInit:      CURL_VERSION_IPV6
LogInit:      CURL_VERSION_ASYNCHDNS
LogInit:      CURL_VERSION_LARGEFILE
LogInit:      CURL_VERSION_IDN
LogInit:  CurlRequestOptions (configurable via config and command line):
LogInit:  - bVerifyPeer = false  - Libcurl will NOT verify peer certificate
LogInit:  - bUseHttpProxy = false  - Libcurl will NOT use HTTP proxy
LogInit:  - bDontReuseConnections = false  - Libcurl will reuse connections
LogInit:  - CertBundlePath = nullptr  - Libcurl will use whatever was configured at build time.
LogInit: Build: ++UE4+Release-4.17-CL-3586342
LogInit: Engine Version: 4.17.1-3586342+++UE4+Release-4.17
LogInit: Compatible Engine Version: 4.17.0-3573198+++UE4+Release-4.17
LogInit: Net CL: 3573198
LogDevObjectVersion: Number of dev versions registered: 16
LogDevObjectVersion:   Dev-Blueprints (B0D832E4-1F89-4F0D-ACCF-7EB736FD4AA2): 10
LogDevObjectVersion:   Dev-Build (E1C64328-A22C-4D53-A36C-8E866417BD8C): 0
LogDevObjectVersion:   Dev-Core (375EC13C-06E4-48FB-B500-84F0262A717E): 2
LogDevObjectVersion:   Dev-Editor (E4B068ED-F494-42E9-A231-DA0B2E46BB41): 20
LogDevObjectVersion:   Dev-Framework (CFFC743F-43B0-4480-9391-14DF171D2073): 28
LogDevObjectVersion:   Dev-Mobile (B02B49B5-BB20-44E9-A304-32B752E40360): 0
LogDevObjectVersion:   Dev-Networking (A4E4105C-59A1-49B5-A7C5-40C4547EDFEE): 0
LogDevObjectVersion:   Dev-Online (39C831C9-5AE6-47DC-9A44-9C173E1C8E7C): 0
LogDevObjectVersion:   Dev-Physics (78F01B33-EBEA-4F98-B9B4-84EACCB95AA2): 0
LogDevObjectVersion:   Dev-Platform (6631380F-2D4D-43E0-8009-CF276956A95A): 0
LogDevObjectVersion:   Dev-Rendering (12F88B9F-8875-4AFC-A67C-D90C383ABD29): 19
LogDevObjectVersion:   Dev-Sequencer (7B5AE74C-D270-4C10-A958-57980B212A5A): 4
LogDevObjectVersion:   Dev-VR (D7296918-1DD6-4BDD-9DE2-64A83CC13884): 0
LogDevObjectVersion:   Dev-LoadTimes (C2A15278-BFE7-4AFE-6C17-90FF531DF755): 1
LogDevObjectVersion:   Private-Geometry (6EACA3D4-40EC-4CC1-B786-8BED09428FC5): 1
LogDevObjectVersion:   Dev-AnimPhys (29E575DD-E0A3-4627-9D10-D276232CDCEA): 7
LogInit: Compiled (64-bit): Aug 15 2017 02:05:26
LogInit: Compiled with Visual C++: 19.00.24215.01
LogInit: Build Configuration: Development
LogInit: Branch Name: ++UE4+Release-4.17
LogInit: Command line:  
LogInit: Base directory: D:/Epic games/Epic Games/UE_4.17/Engine/Binaries/Win64/
LogInit: Installed Engine Build: 1
LogInit: Presizing for max 8388607 objects, including 0 objects not considered by GC, pre-allocating 0 bytes for permanent pool.
LogInit: Object subsystem initialized
[2017.10.25-20.32.15:572][  0]LogInit: Selected Device Profile: [Windows]
[2017.10.25-20.32.15:572][  0]LogInit: Applying CVar settings loaded from the selected device profile: [Windows]
[2017.10.25-20.32.15:578][  0]LogInit: Computer: DESKTOP-FFVTRIR
[2017.10.25-20.32.15:578][  0]LogInit: User: Rasmus
[2017.10.25-20.32.15:578][  0]LogInit: CPU Page size=4096, Cores=4
[2017.10.25-20.32.15:578][  0]LogInit: High frequency timer resolution =4.101565 MHz
[2017.10.25-20.32.15:578][  0]LogMemory: Memory total: Physical=15.9GB (16GB approx)
[2017.10.25-20.32.15:578][  0]LogMemory: Platform Memory Stats for Windows
[2017.10.25-20.32.15:578][  0]LogMemory: Process Physical Memory: 279.13 MB used, 279.13 MB peak
[2017.10.25-20.32.15:578][  0]LogMemory: Process Virtual Memory: 282.17 MB used, 282.17 MB peak
[2017.10.25-20.32.15:578][  0]LogMemory: Physical Memory: 6351.13 MB used,  9955.18 MB free, 16306.31 MB total
[2017.10.25-20.32.15:578][  0]LogMemory: Virtual Memory: 677.21 MB used,  9955.18 MB free, 134217728.00 MB total
[2017.10.25-20.32.15:652][  0]LogInit: Using OS detected language (de-DE).
[2017.10.25-20.32.15:652][  0]LogInit: Using OS detected locale (de-DE).
[2017.10.25-20.32.15:653][  0]LogTextLocalizationManager: No localization for 'de-DE' exists, so 'en' will be used for the language.
[2017.10.25-20.32.15:653][  0]LogTextLocalizationManager: No localization for 'de-DE' exists, so 'en' will be used for the locale.
[2017.10.25-20.32.16:075][  0]LogD3D11RHI: D3D11 adapters:
[2017.10.25-20.32.16:487][  0]LogD3D11RHI:    0. 'NVIDIA GeForce GTX 1060 3GB' (Feature Level 11_0)
[2017.10.25-20.32.16:487][  0]LogD3D11RHI:       2984/0/8153 MB DedicatedVideo/DedicatedSystem/SharedSystem, Outputs:1, VendorId:0x10de
[2017.10.25-20.32.16:491][  0]LogD3D11RHI:    1. 'Intel(R) HD Graphics 630' (Feature Level 11_0)
[2017.10.25-20.32.16:491][  0]LogD3D11RHI:       128/0/8153 MB DedicatedVideo/DedicatedSystem/SharedSystem, Outputs:0, VendorId:0x8086
[2017.10.25-20.32.16:492][  0]LogD3D11RHI:    2. 'Microsoft Basic Render Driver' (Feature Level 11_0)
[2017.10.25-20.32.16:492][  0]LogD3D11RHI:       0/0/8153 MB DedicatedVideo/DedicatedSystem/SharedSystem, Outputs:0, VendorId:0x1414
[2017.10.25-20.32.16:492][  0]LogD3D11RHI: Chosen D3D11 Adapter: 0
[2017.10.25-20.32.16:496][  0]LogD3D11RHI: Creating new Direct3DDevice
[2017.10.25-20.32.16:496][  0]LogD3D11RHI:     GPU DeviceId: 0x1b84 (for the marketing name, search the web for "GPU Device Id")
[2017.10.25-20.32.16:496][  0]LogWindows: EnumDisplayDevices:
[2017.10.25-20.32.16:496][  0]LogWindows:    0. 'NVIDIA GeForce GTX 1060 3GB' (P:1 D:1)
[2017.10.25-20.32.16:496][  0]LogWindows:    1. 'NVIDIA GeForce GTX 1060 3GB' (P:0 D:0)
[2017.10.25-20.32.16:496][  0]LogWindows:    2. 'NVIDIA GeForce GTX 1060 3GB' (P:0 D:0)
[2017.10.25-20.32.16:497][  0]LogWindows:    3. 'NVIDIA GeForce GTX 1060 3GB' (P:0 D:0)
[2017.10.25-20.32.16:497][  0]LogWindows:    4. 'Intel(R) HD Graphics 630' (P:0 D:0)
[2017.10.25-20.32.16:497][  0]LogWindows:    5. 'Intel(R) HD Graphics 630' (P:0 D:0)
[2017.10.25-20.32.16:497][  0]LogWindows:    6. 'Intel(R) HD Graphics 630' (P:0 D:0)
[2017.10.25-20.32.16:497][  0]LogWindows: DebugString: PrimaryIsNotTheChoosenAdapter PrimaryIsNotTheChoosenAdapter PrimaryIsNotTheChoosenAdapter FoundDriverCount:4 
[2017.10.25-20.32.16:497][  0]LogD3D11RHI:     Adapter Name: NVIDIA GeForce GTX 1060 3GB
[2017.10.25-20.32.16:497][  0]LogD3D11RHI:   Driver Version: 384.94 (internal:22.21.13.8494, unified:384.94)
[2017.10.25-20.32.16:497][  0]LogD3D11RHI:      Driver Date: 7-18-2017
[2017.10.25-20.32.16:497][  0]LogRHI: Texture pool is 1361 MB (70% of 1945 MB)
[2017.10.25-20.32.16:903][  0]LogD3D11RHI: Async texture creation enabled
[2017.10.25-20.32.16:929][  0]LogD3D11RHI: GPU Timing Frequency: 1000.000000 (Debug: 2 2)
[2017.10.25-20.32.16:929][  0]LogShaderCompilers: Guid format shader working directory is -10 characters bigger than the processId version (C:/Users/Rasmus/Documents/Diploma-Projekt/Diploma_Projekt/Intermediate/Shaders/WorkingDirectory/2180/).
[2017.10.25-20.32.16:929][  0]LogShaderCompilers: Cleaned the shader compiler working directory 'C:/Users/Rasmus/AppData/Local/Temp/UnrealShaderWorkingDir/E47CFDE5489BE3C947F0FFB0626127AF/'.
[2017.10.25-20.32.16:930][  0]LogShaderCompilers: Display: Using Local Shader Compiler.
[2017.10.25-20.32.17:472][  0]LogTemp: Display: Loaded TP AllDesktopTargetPlatform
[2017.10.25-20.32.17:496][  0]LogTemp: Display: Loaded TP MacClientTargetPlatform
[2017.10.25-20.32.17:521][  0]LogTemp: Display: Loaded TP MacNoEditorTargetPlatform
[2017.10.25-20.32.17:546][  0]LogTemp: Display: Loaded TP MacServerTargetPlatform
[2017.10.25-20.32.17:570][  0]LogTemp: Display: Loaded TP MacTargetPlatform
[2017.10.25-20.32.17:595][  0]LogTemp: Display: Loaded TP WindowsClientTargetPlatform
[2017.10.25-20.32.17:619][  0]LogTemp: Display: Loaded TP WindowsNoEditorTargetPlatform
[2017.10.25-20.32.17:644][  0]LogTemp: Display: Loaded TP WindowsServerTargetPlatform
[2017.10.25-20.32.17:664][  0]LogTemp: Display: Loaded TP WindowsTargetPlatform
[2017.10.25-20.32.17:688][  0]LogTemp: Display: Loaded TP AndroidTargetPlatform
[2017.10.25-20.32.17:713][  0]LogTemp: Display: Loaded TP Android_ASTCTargetPlatform
[2017.10.25-20.32.17:737][  0]LogTemp: Display: Loaded TP Android_ATCTargetPlatform
[2017.10.25-20.32.17:760][  0]LogTemp: Display: Loaded TP Android_DXTTargetPlatform
[2017.10.25-20.32.17:784][  0]LogTemp: Display: Loaded TP Android_ETC1TargetPlatform
[2017.10.25-20.32.17:808][  0]LogTemp: Display: Loaded TP Android_ETC2TargetPlatform
[2017.10.25-20.32.17:855][  0]LogTemp: Display: Loaded TP Android_MultiTargetPlatform
[2017.10.25-20.32.17:855][  0]LogTemp: Display: Loaded TP Android_PVRTCTargetPlatform
[2017.10.25-20.32.17:872][  0]LogTemp: Display: Loaded TP HTML5TargetPlatform
[2017.10.25-20.32.17:927][  0]LogTemp: Display: Loaded TP IOSTargetPlatform
[2017.10.25-20.32.17:942][  0]LogTemp: Display: Loaded TP TVOSTargetPlatform
[2017.10.25-20.32.17:965][  0]LogTemp: Display: Loaded TP LinuxClientTargetPlatform
[2017.10.25-20.32.17:989][  0]LogTemp: Display: Loaded TP LinuxNoEditorTargetPlatform
[2017.10.25-20.32.18:013][  0]LogTemp: Display: Loaded TP LinuxServerTargetPlatform
[2017.10.25-20.32.18:036][  0]LogTemp: Display: Loaded TP LinuxTargetPlatform
[2017.10.25-20.32.18:036][  0]LogTargetPlatformManager: Display: Building Assets For Windows
[2017.10.25-20.32.18:245][  0]LogDerivedDataCache: Display: Max Cache Size: 512 MB
[2017.10.25-20.32.18:313][  0]LogDerivedDataCache: Loaded boot cache 0.07s 93MB C:/Users/Rasmus/AppData/Local/UnrealEngine/4.17/DerivedDataCache/Boot.ddc.
[2017.10.25-20.32.18:313][  0]LogDerivedDataCache: Display: Loaded Boot cache: C:/Users/Rasmus/AppData/Local/UnrealEngine/4.17/DerivedDataCache/Boot.ddc
[2017.10.25-20.32.18:313][  0]LogDerivedDataCache: FDerivedDataBackendGraph:  Pak pak cache file C:/Users/Rasmus/Documents/Diploma-Projekt/Diploma_Projekt/DerivedDataCache/DDC.ddp not found, will not use a pak cache.
[2017.10.25-20.32.18:313][  0]LogDerivedDataCache: Unable to find inner node Pak for hierarchical cache Hierarchy.
[2017.10.25-20.32.18:313][  0]LogDerivedDataCache: FDerivedDataBackendGraph:  CompressedPak pak cache file C:/Users/Rasmus/Documents/Diploma-Projekt/Diploma_Projekt/DerivedDataCache/Compressed.ddp not found, will not use a pak cache.
[2017.10.25-20.32.18:313][  0]LogDerivedDataCache: Unable to find inner node CompressedPak for hierarchical cache Hierarchy.
[2017.10.25-20.32.18:324][  0]LogDerivedDataCache: Display: Pak cache opened for reading ../../../Engine/DerivedDataCache/Compressed.ddp.
[2017.10.25-20.32.18:336][  0]LogDerivedDataCache: Using Local data cache path C:/Users/Rasmus/AppData/Local/UnrealEngine/Common/DerivedDataCache: Writable
[2017.10.25-20.32.18:342][  0]LogMaterial: Verifying Global Shaders for PCD3D_SM5
[2017.10.25-20.32.18:343][  0]LogSlate: Using Freetype 2.6.0
[2017.10.25-20.32.18:343][  0]LogSlate: SlateFontCache - WITH_FREETYPE: 1, WITH_HARFBUZZ: 1
[2017.10.25-20.32.18:343][  0]LogSlate: SlateFontCache - WITH_FREETYPE: 1, WITH_HARFBUZZ: 1
[2017.10.25-20.32.18:514][  0]LogAssetRegistry: FAssetRegistry took 0.0240 seconds to start up
[2017.10.25-20.32.18:580][  0]LogInit: Selected Device Profile: [Windows]
[2017.10.25-20.32.18:659][  0]LogContentStreaming: Texture pool size is 0.00 MB
[2017.10.25-20.32.18:809][  0]LogSimplygon: Simplygon DLL not present - disabling.
[2017.10.25-20.32.18:827][  0]LogMeshReduction: Using SimplygonSwarm for distributed automatic mesh merging
[2017.10.25-20.32.18:827][  0]LogMeshReduction: Using QuadricMeshReduction for automatic static mesh reduction
[2017.10.25-20.32.18:827][  0]LogMeshReduction: No automatic skeletal mesh reduction module available
[2017.10.25-20.32.18:827][  0]LogMeshReduction: No automatic mesh merging module available
[2017.10.25-20.32.18:827][  0]LogMeshMerging: No automatic mesh merging module available
[2017.10.25-20.32.19:026][  0]LogNetVersion: Diploma_Projekt , NetCL: 3573198, EngineNetVer: 2, GameNetVer: 0 (Checksum: 2956349494)
[2017.10.25-20.32.19:131][  0]LogPackageLocalizationCache: Processed 5 localized package path(s) for 1 prioritized culture(s) in 0.017678 seconds
[2017.10.25-20.32.19:135][  0]LogUObjectArray: 35825 objects as part of root set at end of initial load.
[2017.10.25-20.32.19:135][  0]LogUObjectAllocator: 7529112 out of 0 bytes used by permanent object pool.
[2017.10.25-20.32.19:135][  0]LogUObjectArray: CloseDisregardForGC: 0/0 objects in disregard for GC pool
[2017.10.25-20.32.19:161][  0]LogInit: WinSock: version 1.1 (2.2), MaxSocks=32767, MaxUdp=65467
[2017.10.25-20.32.20:469][  0]LogTcpMessaging: Initializing TcpMessaging bridge
[2017.10.25-20.32.20:492][  0]LogUdpMessaging: Initializing bridge on interface 0.0.0.0:0 to multicast group 230.0.0.1:6666.
[2017.10.25-20.32.20:826][  0]LogMaterial: Uniform references updated for custom material expression Custom.
[2017.10.25-20.32.21:017][  0]SourceControl: Source control is disabled
[2017.10.25-20.32.21:017][  0]SourceControl: Source control is disabled
[2017.10.25-20.32.21:037][  0]SourceControl: Source control is disabled
[2017.10.25-20.32.21:058][  0]SourceControl: Source control is disabled
[2017.10.25-20.32.21:310][  0]LogAndroidPermission: UAndroidPermissionCallbackProxy::GetInstance
[2017.10.25-20.32.21:415][  0]LogOcInput: OculusInput pre-init called
[2017.10.25-20.32.21:539][  0]LogEngine: Initializing Engine...
[2017.10.25-20.32.21:540][  0]LogHMD: Failed to initialize OpenVR with code 110
[2017.10.25-20.32.21:682][  0]LogStats: UGameplayTagsManager::ConstructGameplayTagTree: Construct from data asset -  0.000 s
[2017.10.25-20.32.21:682][  0]LogStats: UGameplayTagsManager::ConstructGameplayTagTree: GameplayTagTreeChangedEvent.Broadcast -  0.000 s
[2017.10.25-20.32.21:740][  0]LogAIModule: Creating AISystem for world Untitled
[2017.10.25-20.32.21:750][  0]LogInit: XAudio2 using 'Lautsprecher (Logitech G633 Gaming Headset)' : 6 channels at 44.1 kHz using 16 bits per sample (channel mask 0x3f)
[2017.10.25-20.32.21:762][  0]LogInit: FAudioDevice initialized.
[2017.10.25-20.32.21:826][  0]LogDerivedDataCache: Saved boot cache 0.06s 93MB C:/Users/Rasmus/AppData/Local/UnrealEngine/4.17/DerivedDataCache/Boot.ddc.
[2017.10.25-20.32.21:833][  0]LogInit: Texture streaming: Enabled
[2017.10.25-20.32.21:882][  0]LogEngineSessionManager: EngineSessionManager initialized
[2017.10.25-20.32.21:977][  0]LogInit: Transaction tracking system initialized
[2017.10.25-20.32.22:109][  0]BlueprintLog: New page: Editor Load
[2017.10.25-20.32.22:497][  0]LocalizationService: Localization service is disabled
[2017.10.25-20.32.22:804][  0]LogConsoleResponse: Display: 
[2017.10.25-20.32.22:899][  0]LogCook: Display: Max memory allowance for cook 16384mb min free memory 0mb
[2017.10.25-20.32.22:899][  0]LogFileCache: Scanning file cache for directory 'C:/Users/Rasmus/Documents/Diploma-Projekt/Diploma_Projekt/Content/' took 0.01s
[2017.10.25-20.32.22:899][  0]LogCook: Display: Mobile HDR setting 1
[2017.10.25-20.32.22:900][  0]LogGameplayTags: Display: UGameplayTagsManager::DoneAddingNativeTags. DelegateIsBound: 0
[2017.10.25-20.32.23:356][  0]SourceControl: Source control is disabled
[2017.10.25-20.32.23:356][  0]Cmd: MAP LOAD FILE="../../../Engine/Content/Maps/Templates/Template_Default.umap" TEMPLATE=1 SHOWPROGRESS=1 FEATURELEVEL=3
[2017.10.25-20.32.23:356][  0]LightingResults: New page: Lighting Build
[2017.10.25-20.32.23:374][  0]MapCheck: New page: Map Check
[2017.10.25-20.32.23:374][  0]LightingResults: New page: Lighting Build
[2017.10.25-20.32.23:488][  0]LogAIModule: Creating AISystem for world Untitled_1
[2017.10.25-20.32.23:492][  0]LogEditorServer: Finished looking for orphan Actors (0.000 secs)
[2017.10.25-20.32.23:499][  0]Cmd: MAP CHECKDEP NOCLEARLOG
[2017.10.25-20.32.23:521][  0]MapCheck: Map check complete: 0 Error(s), 0 Warning(s), took 21.985ms to complete.
[2017.10.25-20.32.23:521][  0]LogFileHelpers: Loading map 'Template_Default' took 0.165
[2017.10.25-20.32.23:623][  0]LogCollectionManager: Loaded 0 collections in 0.000541 seconds
[2017.10.25-20.32.23:676][  0]LogFileCache: Scanning file cache for directory 'C:/Users/Rasmus/Documents/Diploma-Projekt/Diploma_Projekt/Saved/Collections/' took 0.01s
[2017.10.25-20.32.23:676][  0]LogFileCache: Scanning file cache for directory 'C:/Users/Rasmus/Documents/Diploma-Projekt/Diploma_Projekt/Content/Developers/Rasmus/Collections/' took 0.01s
[2017.10.25-20.32.23:676][  0]LogFileCache: Scanning file cache for directory 'C:/Users/Rasmus/Documents/Diploma-Projekt/Diploma_Projekt/Content/Collections/' took 0.01s
[2017.10.25-20.32.23:676][  0]LogCollectionManager: Rebuilt the GUID cache for 0 collections in 0.000000 seconds
[2017.10.25-20.32.23:683][  0]LogContentBrowser: Native class hierarchy populated in 0.0067 seconds. Added 2387 classes and 502 folders.
[2017.10.25-20.32.23:712][  0]LogContentBrowser: Native class hierarchy updated for 'WidgetCarousel' in 0.0009 seconds. Added 0 classes and 0 folders.
[2017.10.25-20.32.23:735][  0]LogContentBrowser: Native class hierarchy updated for 'AddContentDialog' in 0.0009 seconds. Added 0 classes and 0 folders.
[2017.10.25-20.32.23:755][  0]LogContentBrowser: Native class hierarchy updated for 'SceneOutliner' in 0.0009 seconds. Added 1 classes and 2 folders.
[2017.10.25-20.32.24:398][  0]LogSlate: Took 0.000160 seconds to synchronously load lazily loaded font '../../../Engine/Content/Slate/Fonts/Roboto-Regular.ttf' (155K)
[2017.10.25-20.32.24:400][  0]LogSlate: Took 0.000146 seconds to synchronously load lazily loaded font '../../../Engine/Content/Slate/Fonts/Roboto-Bold.ttf' (160K)
[2017.10.25-20.32.24:406][  0]LogSlate: Took 0.000135 seconds to synchronously load lazily loaded font '../../../Engine/Content/Editor/Slate/Fonts/FontAwesome.ttf' (139K)
[2017.10.25-20.32.24:481][  0]LogTemp: Executing iPhonePackager certificates Engine -bundlename com.YourCompany.DiplomaProjekt
[2017.10.25-20.32.24:481][  0]LogTemp: CWD: D:\Epic games\Epic Games\UE_4.17\Engine\Binaries\DotNET\IOS
[2017.10.25-20.32.24:481][  0]LogTemp: Initial Dir: D:\Epic games\Epic Games\UE_4.17
[2017.10.25-20.32.24:481][  0]LogTemp: Env CWD: D:\Epic games\Epic Games\UE_4.17\Engine\Binaries\DotNET\IOS
[2017.10.25-20.32.24:481][  0]LogTemp: BranchPath = DESKTOP-FFVTRIR/D/Epic games/Epic Games/UE_4.17/Engine/Binaries --- GameBranchPath = DESKTOP-FFVTRIR/D/Epic games/Epic Games/UE_4.17/Engine/Binaries
[2017.10.25-20.32.24:481][  0]LogTemp: IPP ERROR: Could not find provision directory 'C:\Users\Rasmus\AppData\Local/Apple Computer/MobileDevice/Provisioning Profiles/'.
[2017.10.25-20.32.24:481][  0]LogRenderer: Reallocating scene render targets to support 1208x576 Format 10 NumSamples 1 (Frame:1).
[2017.10.25-20.32.24:584][  0]LogContentBrowser: Native class hierarchy updated for 'HierarchicalLODOutliner' in 0.0009 seconds. Added 1 classes and 2 folders.
[2017.10.25-20.32.24:584][  0]LogLoad: (Engine Initialization) Total time: 10.11 seconds
[2017.10.25-20.32.24:585][  0]LogLoad: (Engine Initialization) Total Blueprint compile time: 0.00 seconds
[2017.10.25-20.32.24:585][  0]LogExternalProfiler: Found external profiler: VSPerf
[2017.10.25-20.32.24:585][  0]LogExternalProfiler: Using external profiler: VSPerf
[2017.10.25-20.32.24:594][  0]LogWindowsTextInputMethodSystem: Display: IME system now deactivated.
[2017.10.25-20.32.24:611][  0]LogAssetRegistry: Asset discovery search completed in 6.1188 seconds
[2017.10.25-20.32.24:612][  0]LogCollectionManager: Rebuilt the object cache for 0 collections in 0.000000 seconds (found 0 objects)
[2017.10.25-20.32.24:612][  0]LogCollectionManager: Fixed up redirectors for 0 collections in 0.000028 seconds (updated 0 objects)
[2017.10.25-20.32.24:614][  0]LogContentStreaming: Texture pool size now 1000 MB
[2017.10.25-20.32.24:642][  0]LogSlate: Took 0.000074 seconds to synchronously load lazily loaded font '../../../Engine/Content/Slate/Fonts/Roboto-Light.ttf' (159K)
[2017.10.25-20.32.46:014][559]LogVSAccessor: Warning: Couldn't access Visual Studio
[2017.10.25-20.32.46:052][559]Candidate modules for hot reload:
[2017.10.25-20.32.46:052][559]  Diploma_Projekt
[2017.10.25-20.32.46:052][559]Launching UnrealBuildTool... [D:/Epic games/Epic Games/UE_4.17/Engine/Binaries/DotNET/UnrealBuildTool.exe Diploma_Projekt -ModuleWithSuffix Diploma_Projekt 2003 Win64 Development -editorrecompile -canskiplink "C:/Users/Rasmus/Documents/Diploma-Projekt/Diploma_Projekt/Diploma_Projekt.uproject" ]
[2017.10.25-20.32.46:053][559]Warning: Starting HotReload took  0.1s.
[2017.10.25-20.33.35:279][456]CompilerResultsLog: New page: Compilation - Oct 26, 2017, 12:33:35 AM
[2017.10.25-20.33.35:280][456]CompilerResultsLog: Performing full C++ include scan (hot reloading a new target)
[2017.10.25-20.33.35:280][456]CompilerResultsLog: Compiling game modules for hot reload
[2017.10.25-20.33.35:280][456]CompilerResultsLog: Parsing headers for Diploma_ProjektEditor
[2017.10.25-20.33.35:280][456]CompilerResultsLog:   Running UnrealHeaderTool "C:\Users\Rasmus\Documents\Diploma-Projekt\Diploma_Projekt\Diploma_Projekt.uproject" "C:\Users\Rasmus\Documents\Diploma-Projekt\Diploma_Projekt\Intermediate\Build\Win64\Diploma_ProjektEditor\Development\Diploma_ProjektEditor.uhtmanifest" -LogCmds="loginit warning, logexit warning, logdatabase error" -Unattended -WarningsAsErrors -installed
[2017.10.25-20.33.35:280][456]CompilerResultsLog: Reflection code generated for Diploma_ProjektEditor in 8,2807308 seconds
[2017.10.25-20.33.35:280][456]CompilerResultsLog: Performing 14 actions (4 in parallel)
[2017.10.25-20.33.35:280][456]CompilerResultsLog: [3/14] Resource PCLaunch.rc
[2017.10.25-20.33.35:280][456]CompilerResultsLog: [2/14] Resource ModuleVersionResource.rc.inl
[2017.10.25-20.33.35:280][456]CompilerResultsLog: SharedPCH.Engine.cpp
[2017.10.25-20.33.35:280][456]CompilerResultsLog: Diploma_ProjektGameModeBase.cpp
[2017.10.25-20.33.35:280][456]CompilerResultsLog: Hex.cpp
[2017.10.25-20.33.35:280][456]CompilerResultsLog: Hexagon.cpp
[2017.10.25-20.33.35:280][456]CompilerResultsLog: Diploma_Projekt.cpp
[2017.10.25-20.33.35:280][456]CompilerResultsLog: HexGrid.cpp
[2017.10.25-20.33.35:280][456]CompilerResultsLog: Diploma_Projekt.init.gen.cpp
[2017.10.25-20.33.35:280][456]CompilerResultsLog: Diploma_ProjektGameModeBase.gen.cpp
[2017.10.25-20.33.35:280][456]CompilerResultsLog: Hexagon.gen.cpp
[2017.10.25-20.33.35:280][456]CompilerResultsLog: HexGrid.gen.cpp
[2017.10.25-20.33.35:280][456]CompilerResultsLog: [13/14] Link UE4Editor-Diploma_Projekt-2003.dll
[2017.10.25-20.33.35:280][456]CompilerResultsLog: [14/14] Link UE4Editor-Diploma_Projekt-2003.lib
[2017.10.25-20.33.35:280][456]CompilerResultsLog:    Bibliothek "C:\Users\Rasmus\Documents\Diploma-Projekt\Diploma_Projekt\Intermediate\Build\Win64\UE4Editor\Development\UE4Editor-Diploma_Projekt-2003.lib" und Objekt "C:\Users\Rasmus\Documents\Diploma-Projekt\Diploma_Projekt\Intermediate\Build\Win64\UE4Editor\Development\UE4Editor-Diploma_Projekt-2003.exp" werden erstellt.
[2017.10.25-20.33.35:280][456]CompilerResultsLog:    Bibliothek "C:\Users\Rasmus\Documents\Diploma-Projekt\Diploma_Projekt\Intermediate\Build\Win64\UE4Editor\Development\UE4Editor-Diploma_Projekt-2003.suppressed.lib" und Objekt "C:\Users\Rasmus\Documents\Diploma-Projekt\Diploma_Projekt\Intermediate\Build\Win64\UE4Editor\Development\UE4Editor-Diploma_Projekt-2003.suppressed.exp" werden erstellt.
[2017.10.25-20.33.35:280][456]CompilerResultsLog: Failed to write dependency cache: Ein Teil des Pfades "N:\Diploma Projekt\Diploma_Projekt\Intermediate\Build\Win64\Diploma_ProjektEditor" konnte nicht gefunden werden.
[2017.10.25-20.33.35:280][456]CompilerResultsLog: Failed to write FlatCPPIncludeDependencyCache: Ein Teil des Pfades "N:\Diploma Projekt\Diploma_Projekt\Intermediate\Build\Win64\Diploma_ProjektEditor" konnte nicht gefunden werden.
[2017.10.25-20.33.35:280][456]CompilerResultsLog: Total build time: 49,04 seconds (Local executor: 25,33 seconds)
[2017.10.25-20.33.35:280][456]LogMainFrame: MainFrame: Module compiling took 49.266 seconds
[2017.10.25-20.33.35:329][456]LogClass: Could not find existing class Hexagon in package /Script/Diploma_Projekt for HotReload, assuming new class
[2017.10.25-20.33.35:329][456]LogClass: Function GetGridIndexi is new.
[2017.10.25-20.33.35:329][456]LogClass: Function GetGridIndexj is new.
[2017.10.25-20.33.35:329][456]LogClass: Could not find existing class HexGrid in package /Script/Diploma_Projekt for HotReload, assuming new class
[2017.10.25-20.33.35:329][456]LogTemp: Display: Did compile HexGrid
[2017.10.25-20.33.35:331][456]LogContentBrowser: Native class hierarchy updated for 'Diploma_Projekt' in 0.0009 seconds. Added 3 classes and 2 folders.
[2017.10.25-20.33.35:332][456]Display: HotReload successful (0 functions remapped  0 scriptstructs remapped)
[2017.10.25-20.33.35:514][456]LogContentBrowser: Native class hierarchy populated in 0.0065 seconds. Added 2391 classes and 506 folders.
[2017.10.25-20.33.35:539][456]Display: HotReload took 49.6s.
[2017.10.25-20.33.42:216][257]LogSlate: Took 0.000097 seconds to synchronously load lazily loaded font '../../../Engine/Content/Slate/Fonts/Roboto-Light.ttf' (159K)
[2017.10.25-20.33.42:235][257]LogTemp: Display: Did compile HexGrid
[2017.10.25-20.33.42:311][257]LogAIModule: Creating AISystem for world TestMap
[2017.10.25-20.33.42:330][257]Cmd: MAP LOAD FILE="C:/Users/Rasmus/Documents/Diploma-Projekt/Diploma_Projekt/Content/TestMap.umap" TEMPLATE=0 SHOWPROGRESS=1 FEATURELEVEL=3
[2017.10.25-20.33.42:330][257]LightingResults: New page: Lighting Build
[2017.10.25-20.33.42:331][257]LoadErrors: New page: Loading map: TestMap.umap
[2017.10.25-20.33.42:332][257]MapCheck: New page: Map Check
[2017.10.25-20.33.42:332][257]LightingResults: New page: Lighting Build
[2017.10.25-20.33.42:421][257]LogEditorServer: Finished looking for orphan Actors (0.000 secs)
[2017.10.25-20.33.42:438][257]Cmd: MAP CHECKDEP NOCLEARLOG
[2017.10.25-20.33.42:459][257]MapCheck: Map check complete: 0 Error(s), 0 Warning(s), took 21.548ms to complete.
[2017.10.25-20.33.42:459][257]LogFileHelpers: Loading map 'TestMap' took 0.131
[2017.10.25-20.33.46:199][678]LogEditorViewport: Clicking on Actor (LMB): Hexagon (Hexagon56)
[2017.10.25-20.33.46:777][718]LogEditorViewport: Clicking on Actor (LMB): Hexagon (Hexagon65)
[2017.10.25-20.33.47:546][804]LogEditorViewport: Clicking on Actor (LMB): Hexagon (Hexagon75)
[2017.10.25-20.33.48:231][879]LogEditorViewport: Clicking on Actor (LMB): Hexagon (Hexagon84)
[2017.10.25-20.33.49:829][ 46]LogEditorViewport: Clicking on Actor (LMB): Hexagon (Hexagon71)
[2017.10.25-20.33.50:924][146]LogEditorViewport: Clicking on Actor (LMB): Hexagon (Hexagon90)
[2017.10.25-20.33.51:412][184]LogEditorViewport: Clicking on Actor (LMB): Hexagon (Hexagon80)
[2017.10.25-20.33.51:886][231]LogEditorViewport: Clicking on Actor (LMB): Hexagon (Hexagon81)
[2017.10.25-20.33.52:315][278]LogEditorViewport: Clicking on Actor (LMB): Hexagon (Hexagon62)
[2017.10.25-20.33.52:729][323]LogEditorViewport: Clicking on Actor (LMB): Hexagon (Hexagon52)
[2017.10.25-20.33.53:232][378]LogEditorViewport: Clicking on Actor (LMB): Hexagon (Hexagon73)
[2017.10.25-20.33.54:838][546]LogEditorViewport: Clicking on Actor (LMB): Hexagon (Hexagon99)
[2017.10.25-20.33.55:383][588]LogEditorViewport: Clicking on Actor (LMB): Hexagon (Hexagon79)
[2017.10.25-20.33.55:868][639]LogEditorViewport: Clicking on Actor (LMB): Hexagon (Hexagon78)
[2017.10.25-20.33.56:466][706]LogEditorViewport: Clicking on Actor (LMB): Hexagon (Hexagon69)
[2017.10.25-20.33.57:185][786]LogEditorViewport: Clicking on Actor (LMB): Hexagon (Hexagon59)
[2017.10.25-20.33.59:306][ 11]LogEditorViewport: Clicking on Actor (LMB): Hexagon (Hexagon39)
[2017.10.25-20.33.59:782][ 54]LogEditorViewport: Clicking on Actor (LMB): Hexagon (Hexagon29)
[2017.10.25-20.34.00:360][118]LogEditorViewport: Clicking on Actor (LMB): Hexagon (Hexagon19)
[2017.10.25-20.34.00:735][158]LogEditorViewport: Clicking on Actor (LMB): Hexagon (Hexagon18)
[2017.10.25-20.34.01:200][209]LogEditorViewport: Clicking on Actor (LMB): Hexagon (Hexagon9)
[2017.10.25-20.34.51:328][428]Cmd: OBJ SAVEPACKAGE PACKAGE="/Game/TestMap" FILE="C:/Users/Rasmus/Documents/Diploma-Projekt/Diploma_Projekt/Content/TestMap.umap" SILENT=true AUTOSAVING=false KEEPDIRTY=false
[2017.10.25-20.34.51:481][428]LogSavePackage: Save=143.61ms
[2017.10.25-20.34.51:481][428]LogSavePackage: Moving 'C:/Users/Rasmus/Documents/Diploma-Projekt/Diploma_Projekt/Saved/TestMap4EA156824CA98DC21B85418FBB430440.tmp' to 'C:/Users/Rasmus/Documents/Diploma-Projekt/Diploma_Projekt/Content/TestMap.umap'
[2017.10.25-20.34.51:495][428]LogSavePackage: Display: Finished SavePackage C:/Users/Rasmus/Documents/Diploma-Projekt/Diploma_Projekt/Content/TestMap.umap
[2017.10.25-20.34.51:563][428]Cmd: OBJ SAVEPACKAGE PACKAGE="/Game/TestMap_BuiltData" FILE="C:/Users/Rasmus/Documents/Diploma-Projekt/Diploma_Projekt/Content/TestMap_BuiltData.uasset" SILENT=true
[2017.10.25-20.34.51:572][428]LogSavePackage: Save=6.43ms
[2017.10.25-20.34.51:572][428]LogSavePackage: Moving 'C:/Users/Rasmus/Documents/Diploma-Projekt/Diploma_Projekt/Saved/TestMap_BuiltDataEB1842CA44C995B768407DBFB79D0E02.tmp' to 'C:/Users/Rasmus/Documents/Diploma-Projekt/Diploma_Projekt/Content/TestMap_BuiltData.uasset'
[2017.10.25-20.34.51:573][428]LogSavePackage: Display: Finished SavePackage C:/Users/Rasmus/Documents/Diploma-Projekt/Diploma_Projekt/Content/TestMap_BuiltData.uasset
[2017.10.25-20.34.53:044][600]LogWindowsTextInputMethodSystem: Display: IME system now deactivated.
[2017.10.25-20.34.53:201][601]Cmd: QUIT_EDITOR
[2017.10.25-20.34.53:231][601]LogExit: Preparing to exit.
[2017.10.25-20.34.53:639][601]LogExit: Editor shut down
[2017.10.25-20.34.53:641][601]LogExit: Transaction tracking system shut down
[2017.10.25-20.34.53:779][601]LogDirectoryWatcher: A directory notification for '../../../Engine/Content/' was aborted.
[2017.10.25-20.34.53:779][601]LogDirectoryWatcher: A directory notification for 'C:/Users/Rasmus/Documents/Diploma-Projekt/Diploma_Projekt/Content/' was aborted.
[2017.10.25-20.34.53:779][601]LogDirectoryWatcher: A directory notification for '../../../Engine/Plugins/2D/Paper2D/Content/' was aborted.
[2017.10.25-20.34.53:779][601]LogDirectoryWatcher: A directory notification for '../../../Engine/Plugins/Runtime/Oculus/OculusVR/Content/' was aborted.
[2017.10.25-20.34.53:779][601]LogDirectoryWatcher: A directory notification for '../../../Engine/Plugins/Runtime/Steam/SteamVR/Content/' was aborted.
[2017.10.25-20.34.53:805][601]LogExit: Object subsystem successfully closed.
[2017.10.25-20.34.53:822][601]LogD3D11RHI: Shutdown
[2017.10.25-20.34.53:822][601]LogD3D11RHI: CleanupD3DDevice
[2017.10.25-20.34.53:866][601]LogD3D11RHI: ~FD3D11DynamicRHI
[2017.10.25-20.34.53:872][601]LogModuleManager: Shutting down and abandoning module Diploma_Projekt (535)
[2017.10.25-20.34.53:872][601]LogModuleManager: Shutting down and abandoning module HierarchicalLODOutliner (534)
[2017.10.25-20.34.53:872][601]LogModuleManager: Shutting down and abandoning module ExternalImagePicker (532)
[2017.10.25-20.34.53:872][601]LogModuleManager: Shutting down and abandoning module SceneOutliner (530)
[2017.10.25-20.34.53:872][601]LogModuleManager: Shutting down and abandoning module AddContentDialog (528)
[2017.10.25-20.34.53:872][601]LogDirectoryWatcher: A directory notification for 'D:/Epic games/Epic Games/UE_4.17/FeaturePacks/' was aborted.
[2017.10.25-20.34.53:872][601]LogModuleManager: Shutting down and abandoning module WidgetCarousel (527)
[2017.10.25-20.34.53:872][601]LogModuleManager: Shutting down and abandoning module EditorWidgets (524)
[2017.10.25-20.34.53:872][601]LogModuleManager: Shutting down and abandoning module CollectionManager (522)
[2017.10.25-20.34.53:872][601]LogDirectoryWatcher: A directory notification for 'C:/Users/Rasmus/Documents/Diploma-Projekt/Diploma_Projekt/Content/Collections/' was aborted.
[2017.10.25-20.34.53:872][601]LogDirectoryWatcher: A directory notification for 'C:/Users/Rasmus/Documents/Diploma-Projekt/Diploma_Projekt/Content/Developers/Rasmus/Collections/' was aborted.
[2017.10.25-20.34.53:872][601]LogDirectoryWatcher: A directory notification for 'C:/Users/Rasmus/Documents/Diploma-Projekt/Diploma_Projekt/Saved/Collections/' was aborted.
[2017.10.25-20.34.53:873][601]LogModuleManager: Shutting down and abandoning module StatsViewer (520)
[2017.10.25-20.34.53:873][601]LogModuleManager: Shutting down and abandoning module FoliageEdit (518)
[2017.10.25-20.34.53:873][601]LogModuleManager: Shutting down and abandoning module LandscapeEditor (516)
[2017.10.25-20.34.53:873][601]LogModuleManager: Shutting down and abandoning module MeshPaintMode (514)
[2017.10.25-20.34.53:873][601]LogModuleManager: Shutting down and abandoning module SceneDepthPickerMode (512)
[2017.10.25-20.34.53:873][601]LogModuleManager: Shutting down and abandoning module ActorPickerMode (510)
[2017.10.25-20.34.53:873][601]LogModuleManager: Shutting down and abandoning module GeometryMode (508)
[2017.10.25-20.34.53:873][601]LogModuleManager: Shutting down and abandoning module TextureAlignMode (506)
[2017.10.25-20.34.53:873][601]LogModuleManager: Shutting down and abandoning module BspMode (504)
[2017.10.25-20.34.53:873][601]LogModuleManager: Shutting down and abandoning module PIEPreviewDeviceProfileSelector (502)
[2017.10.25-20.34.53:873][601]LogModuleManager: Shutting down and abandoning module HardwareSurvey (500)
[2017.10.25-20.34.53:873][601]LogModuleManager: Shutting down and abandoning module SequenceRecorderSections (498)
[2017.10.25-20.34.53:873][601]LogModuleManager: Shutting down and abandoning module AutomationWorker (496)
[2017.10.25-20.34.53:873][601]LogModuleManager: Shutting down and abandoning module MatineeToLevelSequence (494)
[2017.10.25-20.34.53:873][601]LogModuleManager: Shutting down and abandoning module LevelSequenceEditor (492)
[2017.10.25-20.34.53:873][601]LogModuleManager: Shutting down and abandoning module PlacementMode (491)
[2017.10.25-20.34.53:873][601]LogModuleManager: Shutting down and abandoning module WmfMediaFactory (488)
[2017.10.25-20.34.53:873][601]LogModuleManager: Shutting down and abandoning module WmfMediaEditor (486)
[2017.10.25-20.34.53:873][601]LogModuleManager: Shutting down and abandoning module AvfMediaFactory (484)
[2017.10.25-20.34.53:873][601]LogModuleManager: Shutting down and abandoning module AvfMediaEditor (482)
[2017.10.25-20.34.53:873][601]LogModuleManager: Shutting down and abandoning module AndroidMediaFactory (480)
[2017.10.25-20.34.53:873][601]LogModuleManager: Shutting down and abandoning module Media (479)
[2017.10.25-20.34.53:873][601]LogModuleManager: Shutting down and abandoning module AndroidMediaEditor (476)
[2017.10.25-20.34.53:873][601]LogModuleManager: Shutting down and abandoning module CharacterAI (474)
[2017.10.25-20.34.53:873][601]LogModuleManager: Shutting down and abandoning module AudioCapture (472)
[2017.10.25-20.34.53:873][601]LogModuleManager: Shutting down and abandoning module SequenceRecorder (471)
[2017.10.25-20.34.53:873][601]LogModuleManager: Shutting down and abandoning module SmartSnapping (468)
[2017.10.25-20.34.53:873][601]LogModuleManager: Shutting down and abandoning module SessionServices (466)
[2017.10.25-20.34.53:873][601]LogModuleManager: Shutting down and abandoning module ViewportSnapping (464)
[2017.10.25-20.34.53:873][601]LogModuleManager: Shutting down and abandoning module ViewportInteraction (462)
[2017.10.25-20.34.53:873][601]LogModuleManager: Shutting down and abandoning module ClothPainter (460)
[2017.10.25-20.34.53:873][601]LogModuleManager: Shutting down and abandoning module LogVisualizer (458)
[2017.10.25-20.34.53:873][601]LogModuleManager: Shutting down and abandoning module IntroTutorials (456)
[2017.10.25-20.34.53:873][601]LogModuleManager: Shutting down and abandoning module GameProjectGeneration (455)
[2017.10.25-20.34.53:873][601]LogModuleManager: Shutting down and abandoning module IOSPlatformEditor (452)
[2017.10.25-20.34.53:873][601]LogModuleManager: Shutting down and abandoning module HTML5PlatformEditor (450)
[2017.10.25-20.34.53:873][601]LogModuleManager: Shutting down and abandoning module AndroidPlatformEditor (448)
[2017.10.25-20.34.53:873][601]LogModuleManager: Shutting down and abandoning module AndroidDeviceDetection (447)
[2017.10.25-20.34.54:683][601]LogModuleManager: Shutting down and abandoning module WindowsPlatformEditor (444)
[2017.10.25-20.34.54:683][601]LogModuleManager: Shutting down and abandoning module IOSRuntimeSettings (442)
[2017.10.25-20.34.54:683][601]LogModuleManager: Shutting down and abandoning module AndroidRuntimeSettings (440)
[2017.10.25-20.34.54:683][601]LogModuleManager: Shutting down and abandoning module InputBindingEditor (438)
[2017.10.25-20.34.54:683][601]LogModuleManager: Shutting down and abandoning module MergeActors (436)
[2017.10.25-20.34.54:683][601]LogModuleManager: Shutting down and abandoning module SizeMap (434)
[2017.10.25-20.34.54:683][601]LogModuleManager: Shutting down and abandoning module TreeMap (432)
[2017.10.25-20.34.54:683][601]LogModuleManager: Shutting down and abandoning module ReferenceViewer (430)
[2017.10.25-20.34.54:683][601]LogModuleManager: Shutting down and abandoning module LocalizationDashboard (428)
[2017.10.25-20.34.54:683][601]LogModuleManager: Shutting down and abandoning module LocalizationService (427)
[2017.10.25-20.34.54:683][601]LogModuleManager: Shutting down and abandoning module HardwareTargeting (424)
[2017.10.25-20.34.54:683][601]LogModuleManager: Shutting down and abandoning module DeviceProfileEditor (422)
[2017.10.25-20.34.54:683][601]LogModuleManager: Shutting down and abandoning module UndoHistory (420)
[2017.10.25-20.34.54:683][601]LogModuleManager: Shutting down and abandoning module XmlParser (418)
[2017.10.25-20.34.54:683][601]LogModuleManager: Shutting down and abandoning module Blutility (416)
[2017.10.25-20.34.54:683][601]LogModuleManager: Shutting down and abandoning module ProjectSettingsViewer (414)
[2017.10.25-20.34.54:683][601]LogModuleManager: Shutting down and abandoning module ProjectTargetPlatformEditor (413)
[2017.10.25-20.34.54:683][601]LogModuleManager: Shutting down and abandoning module EditorSettingsViewer (410)
[2017.10.25-20.34.54:684][601]LogModuleManager: Shutting down and abandoning module SettingsEditor (408)
[2017.10.25-20.34.54:684][601]LogModuleManager: Shutting down and abandoning module ProjectLauncher (406)
[2017.10.25-20.34.54:684][601]LogModuleManager: Shutting down and abandoning module SessionFrontend (404)
[2017.10.25-20.34.54:684][601]LogModuleManager: Shutting down and abandoning module ProfilerClient (402)
[2017.10.25-20.34.54:684][601]LogModuleManager: Shutting down and abandoning module DeviceManager (400)
[2017.10.25-20.34.54:684][601]LogModuleManager: Shutting down and abandoning module TargetDeviceServices (399)
[2017.10.25-20.34.54:737][601]LogModuleManager: Shutting down and abandoning module AutomationController (396)
[2017.10.25-20.34.54:737][601]LogModuleManager: Shutting down and abandoning module AutomationWindow (394)
[2017.10.25-20.34.54:737][601]LogModuleManager: Shutting down and abandoning module Layers (392)
[2017.10.25-20.34.54:737][601]LogModuleManager: Shutting down and abandoning module ComponentVisualizers (390)
[2017.10.25-20.34.54:737][601]LogModuleManager: Shutting down and abandoning module DetailCustomizations (388)
[2017.10.25-20.34.54:737][601]LogModuleManager: Shutting down and abandoning module PackagesDialog (386)
[2017.10.25-20.34.54:737][601]LogModuleManager: Shutting down and abandoning module Persona (384)
[2017.10.25-20.34.54:737][601]LogModuleManager: Shutting down and abandoning module AdvancedPreviewScene (383)
[2017.10.25-20.34.54:737][601]LogModuleManager: Shutting down and abandoning module AnimGraph (381)
[2017.10.25-20.34.54:737][601]LogModuleManager: Shutting down and abandoning module Kismet (378)
[2017.10.25-20.34.54:737][601]LogModuleManager: Shutting down and abandoning module ClassViewer (376)
[2017.10.25-20.34.54:737][601]LogModuleManager: Shutting down and abandoning module Toolbox (374)
[2017.10.25-20.34.54:737][601]LogModuleManager: Shutting down and abandoning module ModuleUI (372)
[2017.10.25-20.34.54:737][601]LogModuleManager: Shutting down and abandoning module MovieSceneTools (370)
[2017.10.25-20.34.54:737][601]LogModuleManager: Shutting down and abandoning module OutputLog (368)
[2017.10.25-20.34.54:737][601]LogModuleManager: Shutting down and abandoning module GammaUI (366)
[2017.10.25-20.34.54:737][601]LogModuleManager: Shutting down and abandoning module Documentation (364)
[2017.10.25-20.34.54:737][601]LogModuleManager: Shutting down and abandoning module MovieSceneTracks (362)
[2017.10.25-20.34.54:737][601]LogModuleManager: Shutting down and abandoning module MovieScene (360)
[2017.10.25-20.34.54:737][601]LogModuleManager: Shutting down and abandoning module Niagara (358)
[2017.10.25-20.34.54:737][601]LogModuleManager: Shutting down and abandoning module NiagaraEditor (357)
[2017.10.25-20.34.54:737][601]LogModuleManager: Shutting down and abandoning module StreamingPauseRendering (354)
[2017.10.25-20.34.54:737][601]LogModuleManager: Shutting down and abandoning module LauncherPlatform (352)
[2017.10.25-20.34.54:737][601]LogModuleManager: Shutting down and abandoning module AnalyticsET (350)
[2017.10.25-20.34.54:737][601]LogModuleManager: Shutting down and abandoning module PortalServices (348)
[2017.10.25-20.34.54:737][601]LogModuleManager: Shutting down and abandoning module PortalRpc (346)
[2017.10.25-20.34.54:737][601]LogModuleManager: Shutting down and abandoning module MessagingRpc (344)
[2017.10.25-20.34.54:737][601]LogModuleManager: Shutting down and abandoning module AIModule (342)
[2017.10.25-20.34.54:737][601]LogModuleManager: Shutting down and abandoning module GameplayDebugger (341)
[2017.10.25-20.34.54:737][601]LogModuleManager: Shutting down and abandoning module AITestSuite (339)
[2017.10.25-20.34.54:737][601]LogModuleManager: Shutting down and abandoning module ProfilerService (336)
[2017.10.25-20.34.54:862][601]LogModuleManager: Shutting down and abandoning module TaskGraph (334)
[2017.10.25-20.34.54:862][601]LogModuleManager: Shutting down and abandoning module SteamVRController (332)
[2017.10.25-20.34.54:862][601]LogModuleManager: Shutting down and abandoning module ProceduralMeshComponentEditor (330)
[2017.10.25-20.34.54:862][601]LogModuleManager: Shutting down and abandoning module ProceduralMeshComponent (328)
[2017.10.25-20.34.54:862][601]LogModuleManager: Shutting down and abandoning module OculusInput (326)
[2017.10.25-20.34.54:862][601]LogModuleManager: Shutting down and abandoning module MobilePatchingUtils (324)
[2017.10.25-20.34.54:862][601]LogModuleManager: Shutting down and abandoning module CustomMeshComponent (322)
[2017.10.25-20.34.54:862][601]LogModuleManager: Shutting down and abandoning module CableComponent (320)
[2017.10.25-20.34.54:862][601]LogModuleManager: Shutting down and abandoning module ArchVisCharacter (318)
[2017.10.25-20.34.54:862][601]LogModuleManager: Shutting down and abandoning module AndroidPermission (316)
[2017.10.25-20.34.54:862][601]LogModuleManager: Shutting down and abandoning module MediaPlayerEditor (312)
[2017.10.25-20.34.54:862][601]LogModuleManager: Shutting down and abandoning module HTML5Networking (310)
[2017.10.25-20.34.54:862][601]LogModuleManager: Shutting down and abandoning module AlembicImporter (308)
[2017.10.25-20.34.54:862][601]LogModuleManager: Shutting down and abandoning module AlembicLibrary (307)
[2017.10.25-20.34.54:862][601]LogModuleManager: Shutting down and abandoning module GeometryCache (306)
[2017.10.25-20.34.54:862][601]LogModuleManager: Shutting down and abandoning module GeometryCacheEd (305)
[2017.10.25-20.34.54:862][601]LogModuleManager: Shutting down and abandoning module SpeedTreeImporter (300)
[2017.10.25-20.34.54:862][601]LogModuleManager: Shutting down and abandoning module PluginBrowser (298)
[2017.10.25-20.34.54:862][601]LogModuleManager: Shutting down and abandoning module MobileLauncherProfileWizard (296)
[2017.10.25-20.34.54:862][601]LogModuleManager: Shutting down and abandoning module VisualStudioSourceCodeAccess (294)
[2017.10.25-20.34.54:862][601]LogModuleManager: Shutting down and abandoning module DesktopPlatform (293)
[2017.10.25-20.34.54:862][601]LogModuleManager: Shutting down and abandoning module UObjectPlugin (290)
[2017.10.25-20.34.54:862][601]LogModuleManager: Shutting down and abandoning module SubversionSourceControl (288)
[2017.10.25-20.34.54:862][601]LogModuleManager: Shutting down and abandoning module PerforceSourceControl (286)
[2017.10.25-20.34.54:862][601]LogModuleManager: Shutting down and abandoning module GitSourceControl (284)
[2017.10.25-20.34.54:862][601]LogModuleManager: Shutting down and abandoning module SourceControl (283)
[2017.10.25-20.34.54:862][601]LogModuleManager: Shutting down and abandoning module LightPropagationVolumeEditor (280)
[2017.10.25-20.34.54:862][601]LogModuleManager: Shutting down and abandoning module PaperTiledImporter (278)
[2017.10.25-20.34.54:862][601]LogModuleManager: Shutting down and abandoning module PaperSpriteSheetImporter (276)
[2017.10.25-20.34.54:862][601]LogModuleManager: Shutting down and abandoning module Paper2DEditor (274)
[2017.10.25-20.34.54:862][601]LogModuleManager: Shutting down and abandoning module MeshPaint (273)
[2017.10.25-20.34.54:862][601]LogModuleManager: Shutting down and abandoning module LevelEditor (271)
[2017.10.25-20.34.54:863][601]LogModuleManager: Shutting down and abandoning module PixelInspectorModule (270)
[2017.10.25-20.34.54:863][601]LogModuleManager: Shutting down and abandoning module MainFrame (268)
[2017.10.25-20.34.54:863][601]LogModuleManager: Shutting down and abandoning module HotReload (267)
[2017.10.25-20.34.54:863][601]LogDirectoryWatcher: A directory notification for 'C:/Users/Rasmus/Documents/Diploma-Projekt/Diploma_Projekt/Binaries/Win64' was aborted.
[2017.10.25-20.34.54:863][601]LogModuleManager: Shutting down and abandoning module RuntimePhysXCooking (260)
[2017.10.25-20.34.54:863][601]LogModuleManager: Shutting down and abandoning module PhysXVehiclesEditor (258)
[2017.10.25-20.34.54:863][601]LogModuleManager: Shutting down and abandoning module PhysXVehicles (256)
[2017.10.25-20.34.54:863][601]LogModuleManager: Shutting down and abandoning module OculusEditor (254)
[2017.10.25-20.34.54:863][601]LogModuleManager: Shutting down and abandoning module LocationServicesBPLibrary (252)
[2017.10.25-20.34.54:863][601]LogModuleManager: Shutting down and abandoning module ImmediatePhysicsEditor (250)
[2017.10.25-20.34.54:863][601]LogModuleManager: Shutting down and abandoning module ImmediatePhysics (248)
[2017.10.25-20.34.54:863][601]LogModuleManager: Shutting down and abandoning module UdpMessaging (246)
[2017.10.25-20.34.54:964][601]LogModuleManager: Shutting down and abandoning module TcpMessaging (244)
[2017.10.25-20.34.55:064][601]LogModuleManager: Shutting down and abandoning module GameplayTagsEditor (242)
[2017.10.25-20.34.55:064][601]LogModuleManager: Shutting down and abandoning module FacialAnimationEditor (240)
[2017.10.25-20.34.55:064][601]LogModuleManager: Shutting down and abandoning module FacialAnimation (238)
[2017.10.25-20.34.55:064][601]LogModuleManager: Shutting down and abandoning module AssetManagerEditor (236)
[2017.10.25-20.34.55:064][601]LogModuleManager: Shutting down and abandoning module GraphEditor (235)
[2017.10.25-20.34.55:064][601]LogModuleManager: Shutting down and abandoning module ContentBrowser (233)
[2017.10.25-20.34.55:065][601]LogModuleManager: Shutting down and abandoning module LightPropagationVolumeRuntime (230)
[2017.10.25-20.34.55:065][601]LogModuleManager: Shutting down and abandoning module Paper2D (228)
[2017.10.25-20.34.55:065][601]LogModuleManager: Shutting down and abandoning module WindowsMoviePlayer (226)
[2017.10.25-20.34.55:065][601]LogModuleManager: Shutting down and abandoning module WmfMedia (224)
[2017.10.25-20.34.55:065][601]LogModuleManager: Shutting down and abandoning module PacketHandler (222)
[2017.10.25-20.34.55:065][601]LogModuleManager: Shutting down and abandoning module ClothingSystemEditor (220)
[2017.10.25-20.34.55:065][601]LogModuleManager: Shutting down and abandoning module ClothingSystemRuntime (218)
[2017.10.25-20.34.55:065][601]LogModuleManager: Shutting down and abandoning module Overlay (216)
[2017.10.25-20.34.55:065][601]LogModuleManager: Shutting down and abandoning module OverlayEditor (215)
[2017.10.25-20.34.55:065][601]LogModuleManager: Shutting down and abandoning module MediaAssets (212)
[2017.10.25-20.34.55:065][601]LogModuleManager: Shutting down and abandoning module VREditor (210)
[2017.10.25-20.34.55:065][601]LogModuleManager: Shutting down and abandoning module StringTableEditor (208)
[2017.10.25-20.34.55:065][601]LogModuleManager: Shutting down and abandoning module GameplayTasksEditor (206)
[2017.10.25-20.34.55:065][601]LogModuleManager: Shutting down and abandoning module BehaviorTreeEditor (204)
[2017.10.25-20.34.55:065][601]LogModuleManager: Shutting down and abandoning module FunctionalTesting (202)
[2017.10.25-20.34.55:065][601]LogModuleManager: Shutting down and abandoning module CollisionAnalyzer (200)
[2017.10.25-20.34.55:065][601]LogModuleManager: Shutting down and abandoning module WorkspaceMenuStructure (199)
[2017.10.25-20.34.55:065][601]LogModuleManager: Shutting down and abandoning module UMG (196)
[2017.10.25-20.34.55:065][601]LogModuleManager: Shutting down and abandoning module UMGEditor (195)
[2017.10.25-20.34.55:065][601]LogModuleManager: Shutting down and abandoning module Sequencer (194)
[2017.10.25-20.34.55:065][601]LogModuleManager: Shutting down and abandoning module MessageLog (191)
[2017.10.25-20.34.55:065][601]LogModuleManager: Shutting down and abandoning module SlateReflector (186)
[2017.10.25-20.34.55:065][601]LogModuleManager: Shutting down and abandoning module Slate (184)
[2017.10.25-20.34.55:065][601]LogModuleManager: Shutting down and abandoning module EditorStyle (182)
[2017.10.25-20.34.55:066][601]LogModuleManager: Shutting down and abandoning module MRMesh (180)
[2017.10.25-20.34.55:066][601]LogModuleManager: Shutting down and abandoning module SourceCodeAccess (178)
[2017.10.25-20.34.55:066][601]LogModuleManager: Shutting down and abandoning module HeadMountedDisplay (176)
[2017.10.25-20.34.55:066][601]LogModuleManager: Shutting down and abandoning module XAudio2 (174)
[2017.10.25-20.34.55:066][601]LogModuleManager: Shutting down and abandoning module Networking (172)
[2017.10.25-20.34.55:066][601]LogModuleManager: Shutting down and abandoning module Core (168)
[2017.10.25-20.34.55:066][601]LogModuleManager: Shutting down and abandoning module KismetCompiler (164)
[2017.10.25-20.34.55:066][601]LogModuleManager: Shutting down and abandoning module LevelSequence (162)
[2017.10.25-20.34.55:066][601]LogModuleManager: Shutting down and abandoning module MeshUtilities (160)
[2017.10.25-20.34.55:066][601]LogModuleManager: Shutting down and abandoning module MeshMergeUtilities (159)
[2017.10.25-20.34.55:066][601]LogModuleManager: Shutting down and abandoning module MeshReductionInterface (158)
[2017.10.25-20.34.55:067][601]LogModuleManager: Shutting down and abandoning module SimplygonSwarm (157)
[2017.10.25-20.34.55:067][601]LogModuleManager: Shutting down and abandoning module SimplygonMeshReduction (155)
[2017.10.25-20.34.55:067][601]LogModuleManager: Shutting down and abandoning module QuadricMeshReduction (153)
[2017.10.25-20.34.55:067][601]LogModuleManager: Shutting down and abandoning module MaterialBaking (149)
[2017.10.25-20.34.55:067][601]LogModuleManager: Shutting down and abandoning module DirectoryWatcher (146)
[2017.10.25-20.34.55:067][601]LogModuleManager: Shutting down and abandoning module DerivedDataCache (144)
[2017.10.25-20.34.55:114][601]LogDerivedDataCache: Shutdown
[2017.10.25-20.34.55:114][601]LogModuleManager: Shutting down and abandoning module TargetPlatform (142)
[2017.10.25-20.34.55:114][601]LogModuleManager: Shutting down and abandoning module VulkanShaderFormat (141)
[2017.10.25-20.34.55:114][601]LogModuleManager: Shutting down and abandoning module ShaderFormatVectorVM (139)
[2017.10.25-20.34.55:114][601]LogModuleManager: Shutting down and abandoning module ShaderFormatOpenGL (137)
[2017.10.25-20.34.55:114][601]LogModuleManager: Shutting down and abandoning module ShaderFormatD3D (135)
[2017.10.25-20.34.55:114][601]LogModuleManager: Shutting down and abandoning module MetalShaderFormat (133)
[2017.10.25-20.34.55:114][601]LogModuleManager: Shutting down and abandoning module TextureFormatUncompressed (131)
[2017.10.25-20.34.55:114][601]LogModuleManager: Shutting down and abandoning module TextureFormatPVR (129)
[2017.10.25-20.34.55:114][601]LogModuleManager: Shutting down and abandoning module TextureFormatDXT (127)
[2017.10.25-20.34.55:114][601]LogModuleManager: Shutting down and abandoning module TextureFormatIntelISPCTexComp (125)
[2017.10.25-20.34.55:114][601]LogModuleManager: Shutting down and abandoning module TextureFormatASTC (123)
[2017.10.25-20.34.55:114][601]LogModuleManager: Shutting down and abandoning module ImageWrapper (122)
[2017.10.25-20.34.55:114][601]LogModuleManager: Shutting down and abandoning module TextureFormatAndroid (119)
[2017.10.25-20.34.55:114][601]LogModuleManager: Shutting down and abandoning module AudioFormatOpus (117)
[2017.10.25-20.34.55:114][601]LogModuleManager: Shutting down and abandoning module AudioFormatOgg (115)
[2017.10.25-20.34.55:114][601]LogModuleManager: Shutting down and abandoning module AudioFormatADPCM (113)
[2017.10.25-20.34.55:114][601]LogModuleManager: Shutting down and abandoning module LinuxTargetPlatform (111)
[2017.10.25-20.34.55:114][601]LogModuleManager: Shutting down and abandoning module LinuxServerTargetPlatform (109)
[2017.10.25-20.34.55:114][601]LogModuleManager: Shutting down and abandoning module LinuxNoEditorTargetPlatform (107)
[2017.10.25-20.34.55:114][601]LogModuleManager: Shutting down and abandoning module LinuxClientTargetPlatform (105)
[2017.10.25-20.34.55:114][601]LogModuleManager: Shutting down and abandoning module TVOSTargetPlatform (103)
[2017.10.25-20.34.55:114][601]LogModuleManager: Shutting down and abandoning module Messaging (101)
[2017.10.25-20.34.55:114][601]LogModuleManager: Shutting down and abandoning module IOSTargetPlatform (99)
[2017.10.25-20.34.55:114][601]LogModuleManager: Shutting down and abandoning module HTML5TargetPlatform (97)
[2017.10.25-20.34.55:114][601]LogModuleManager: Shutting down and abandoning module Android_PVRTCTargetPlatform (95)
[2017.10.25-20.34.55:114][601]LogModuleManager: Shutting down and abandoning module Android_MultiTargetPlatform (93)
[2017.10.25-20.34.55:114][601]LogModuleManager: Shutting down and abandoning module Android_ETC2TargetPlatform (91)
[2017.10.25-20.34.55:114][601]LogModuleManager: Shutting down and abandoning module Android_ETC1TargetPlatform (89)
[2017.10.25-20.34.55:114][601]LogModuleManager: Shutting down and abandoning module Android_DXTTargetPlatform (87)
[2017.10.25-20.34.55:114][601]LogModuleManager: Shutting down and abandoning module Android_ATCTargetPlatform (85)
[2017.10.25-20.34.55:114][601]LogModuleManager: Shutting down and abandoning module Android_ASTCTargetPlatform (83)
[2017.10.25-20.34.55:114][601]LogModuleManager: Shutting down and abandoning module AndroidTargetPlatform (81)
[2017.10.25-20.34.55:114][601]LogModuleManager: Shutting down and abandoning module WindowsTargetPlatform (79)
[2017.10.25-20.34.55:114][601]LogModuleManager: Shutting down and abandoning module WindowsServerTargetPlatform (77)
[2017.10.25-20.34.55:114][601]LogModuleManager: Shutting down and abandoning module WindowsNoEditorTargetPlatform (75)
[2017.10.25-20.34.55:114][601]LogModuleManager: Shutting down and abandoning module WindowsClientTargetPlatform (73)
[2017.10.25-20.34.55:114][601]LogModuleManager: Shutting down and abandoning module MacTargetPlatform (71)
[2017.10.25-20.34.55:114][601]LogModuleManager: Shutting down and abandoning module MacServerTargetPlatform (69)
[2017.10.25-20.34.55:114][601]LogModuleManager: Shutting down and abandoning module MacNoEditorTargetPlatform (67)
[2017.10.25-20.34.55:114][601]LogModuleManager: Shutting down and abandoning module MacClientTargetPlatform (65)
[2017.10.25-20.34.55:114][601]LogModuleManager: Shutting down and abandoning module AllDesktopTargetPlatform (63)
[2017.10.25-20.34.55:114][601]LogModuleManager: Shutting down and abandoning module InputCore (60)
[2017.10.25-20.34.55:114][601]LogModuleManager: Shutting down and abandoning module Settings (58)
[2017.10.25-20.34.55:114][601]LogModuleManager: Shutting down and abandoning module PhysXCooking (56)
[2017.10.25-20.34.55:114][601]LogModuleManager: Shutting down and abandoning module SteamVR (54)
[2017.10.25-20.34.55:114][601]LogModuleManager: Shutting down and abandoning module OculusHMD (52)
[2017.10.25-20.34.55:114][601]LogModuleManager: Shutting down and abandoning module ExampleDeviceProfileSelector (50)
[2017.10.25-20.34.55:114][601]LogModuleManager: Shutting down and abandoning module OnlineBlueprintSupport (48)
[2017.10.25-20.34.55:114][601]LogModuleManager: Shutting down and abandoning module OnlineSubsystem (44)
[2017.10.25-20.34.55:114][601]LogOnline: Display: Unloading online subsystem: NULL
[2017.10.25-20.34.55:114][601]LogModuleManager: Shutting down and abandoning module XMPP (43)
[2017.10.25-20.34.55:115][601]LogModuleManager: Shutting down and abandoning module HTTP (41)
[2017.10.25-20.34.55:115][601]LogHttp: Display: Http module shutting down, but needs to wait on 1 outstanding Http requests:
[2017.10.25-20.34.55:115][601]LogHttp: Display: 	verb=[POST] url=[https://datarouter.ol.epicgames.com/datarouter/api/v1/public/data?SessionID=%7BEC7917E4-4AA1-5293-BB1B-81A4B3EE373A%7D&AppID=UEEditor.Rocket.Release&AppVersion=4.17.1-3586342%2B%2B%2BUE4%2BRelease-4.17&UserID=32cae3c9472042e5d1c110a41109ec07%7C534cde23942048e5bc50feee8e4c400b%7Ca2207995-6d65-49ac-9005-44b32fc38370&AppEnvironment=datacollector-binary&UploadType=eteventstream] status=Processing
[2017.10.25-20.34.55:117][601]LogModuleManager: Shutting down and abandoning module SSL (40)
[2017.10.25-20.34.55:118][601]LogModuleManager: Shutting down and abandoning module AnimationModifiers (36)
[2017.10.25-20.34.55:118][601]LogModuleManager: Shutting down and abandoning module PropertyEditor (35)
[2017.10.25-20.34.55:118][601]LogModuleManager: Shutting down and abandoning module AudioEditor (32)
[2017.10.25-20.34.55:118][601]LogModuleManager: Shutting down and abandoning module TextureCompressor (30)
[2017.10.25-20.34.55:118][601]LogModuleManager: Shutting down and abandoning module ShaderCore (28)
[2017.10.25-20.34.55:118][601]LogModuleManager: Shutting down and abandoning module Landscape (26)
[2017.10.25-20.34.55:118][601]LogModuleManager: Shutting down and abandoning module SlateRHIRenderer (24)
[2017.10.25-20.34.55:118][601]LogModuleManager: Shutting down and abandoning module OpenGLDrv (22)
[2017.10.25-20.34.55:118][601]LogModuleManager: Shutting down and abandoning module D3D11RHI (20)
[2017.10.25-20.34.55:118][601]LogModuleManager: Shutting down and abandoning module AnimGraphRuntime (18)
[2017.10.25-20.34.55:118][601]LogModuleManager: Shutting down and abandoning module Renderer (16)
[2017.10.25-20.34.55:118][601]LogModuleManager: Shutting down and abandoning module Engine (14)
[2017.10.25-20.34.55:118][601]LogModuleManager: Shutting down and abandoning module CoreUObject (12)
[2017.10.25-20.34.55:118][601]LogModuleManager: Shutting down and abandoning module NetworkFile (10)
[2017.10.25-20.34.55:118][601]LogModuleManager: Shutting down and abandoning module CookedIterativeFile (8)
[2017.10.25-20.34.55:118][601]LogModuleManager: Shutting down and abandoning module StreamingFile (6)
[2017.10.25-20.34.55:118][601]LogModuleManager: Shutting down and abandoning module SandboxFile (4)
[2017.10.25-20.34.55:119][601]LogModuleManager: Shutting down and abandoning module PakFile (2)
[2017.10.25-20.34.55:120][601]LogExit: Exiting.
[2017.10.25-20.34.55:125][601]Log file closed, 10/25/17 22:34:55
