Log file open, 10/25/17 18:00:25
LogWindows: Failed to load 'aqProf.dll' (GetLastError=126)
LogWindows: File 'aqProf.dll' does not exist
LogWindows: Failed to load 'VtuneApi.dll' (GetLastError=126)
LogWindows: File 'VtuneApi.dll' does not exist
LogWindows: Failed to load 'VtuneApi32e.dll' (GetLastError=126)
LogWindows: File 'VtuneApi32e.dll' does not exist
LogInit: Display: Running engine for game: Diploma_Projekt
LogPlatformFile: Not using cached read wrapper
LogInit: Display: RandInit(670508311) SRandInit(670508325).
LogTaskGraph: Started task graph with 5 named threads and 20 total threads with 3 sets of task threads.
LogStats: Stats thread started at 0.269071
LogD3D11RHI: Aftermath initialized
LogPluginManager: Mounting plugin Paper2D
LogPluginManager: Mounting plugin LightPropagationVolume
LogPluginManager: Mounting plugin CodeLiteSourceCodeAccess
LogPluginManager: Mounting plugin GitSourceControl
LogPluginManager: Mounting plugin KDevelopSourceCodeAccess
LogPluginManager: Mounting plugin NullSourceCodeAccess
LogPluginManager: Mounting plugin PerforceSourceControl
LogPluginManager: Mounting plugin SubversionSourceControl
LogPluginManager: Mounting plugin UObjectPlugin
LogPluginManager: Mounting plugin VisualStudioSourceCodeAccess
LogPluginManager: Mounting plugin XCodeSourceCodeAccess
LogPluginManager: Mounting plugin AssetManagerEditor
LogPluginManager: Mounting plugin AudioCapture
LogPluginManager: Mounting plugin FacialAnimation
LogPluginManager: Mounting plugin GameplayTagsEditor
LogPluginManager: Mounting plugin MobileLauncherProfileWizard
LogPluginManager: Mounting plugin PluginBrowser
LogPluginManager: Mounting plugin SpeedTreeImporter
LogPluginManager: Mounting plugin AlembicImporter
LogPluginManager: Mounting plugin CharacterAI
LogPluginManager: Mounting plugin HTML5Networking
LogPluginManager: Mounting plugin AndroidMedia
LogPluginManager: Mounting plugin AvfMedia
LogPluginManager: Mounting plugin MediaPlayerEditor
LogPluginManager: Mounting plugin WmfMedia
LogPluginManager: Mounting plugin TcpMessaging
LogPluginManager: Mounting plugin UdpMessaging
LogPluginManager: Mounting plugin LevelSequenceEditor
LogPluginManager: Mounting plugin MatineeToLevelSequence
LogPluginManager: Mounting plugin OnlineSubsystemGooglePlay
LogPluginManager: Mounting plugin OnlineSubsystemIOS
LogPluginManager: Mounting plugin OnlineSubsystem
LogPluginManager: Mounting plugin OnlineSubsystemNull
LogPluginManager: Mounting plugin OnlineSubsystemUtils
LogPluginManager: Mounting plugin AndroidDeviceProfileSelector
LogPluginManager: Mounting plugin AndroidMoviePlayer
LogPluginManager: Mounting plugin AndroidPermission
LogPluginManager: Mounting plugin AppleMoviePlayer
LogPluginManager: Mounting plugin ArchVisCharacter
LogPluginManager: Mounting plugin CableComponent
LogPluginManager: Mounting plugin CustomMeshComponent
LogPluginManager: Mounting plugin ExampleDeviceProfileSelector
LogPluginManager: Mounting plugin GoogleCloudMessaging
LogPluginManager: Mounting plugin ImmediatePhysics
LogPluginManager: Mounting plugin IOSDeviceProfileSelector
LogPluginManager: Mounting plugin LinuxDeviceProfileSelector
LogPluginManager: Mounting plugin LocationServicesBPLibrary
LogPluginManager: Mounting plugin MobilePatchingUtils
LogPluginManager: Mounting plugin OculusVR
LogPluginManager: Mounting plugin PhysXVehicles
LogPluginManager: Mounting plugin ProceduralMeshComponent
LogPluginManager: Mounting plugin RuntimePhysXCooking
LogPluginManager: Mounting plugin SteamVR
LogPluginManager: Mounting plugin WindowsMoviePlayer
LogInit: Using libcurl 7.47.1
LogInit:  - built for x86_64-pc-win32
LogInit:  - supports SSL with OpenSSL/1.0.2g
LogInit:  - supports HTTP deflate (compression) using libz 1.2.8
LogInit:  - other features:
LogInit:      CURL_VERSION_SSL
LogInit:      CURL_VERSION_LIBZ
LogInit:      CURL_VERSION_IPV6
LogInit:      CURL_VERSION_ASYNCHDNS
LogInit:      CURL_VERSION_LARGEFILE
LogInit:      CURL_VERSION_IDN
LogInit:  CurlRequestOptions (configurable via config and command line):
LogInit:  - bVerifyPeer = false  - Libcurl will NOT verify peer certificate
LogInit:  - bUseHttpProxy = false  - Libcurl will NOT use HTTP proxy
LogInit:  - bDontReuseConnections = false  - Libcurl will reuse connections
LogInit:  - CertBundlePath = nullptr  - Libcurl will use whatever was configured at build time.
LogInit: Build: ++UE4+Release-4.17-CL-3658906
LogInit: Engine Version: 4.17.2-3658906+++UE4+Release-4.17
LogInit: Compatible Engine Version: 4.17.0-3573198+++UE4+Release-4.17
LogInit: Net CL: 3573198
LogDevObjectVersion: Number of dev versions registered: 16
LogDevObjectVersion:   Dev-Blueprints (B0D832E4-1F89-4F0D-ACCF-7EB736FD4AA2): 10
LogDevObjectVersion:   Dev-Build (E1C64328-A22C-4D53-A36C-8E866417BD8C): 0
LogDevObjectVersion:   Dev-Core (375EC13C-06E4-48FB-B500-84F0262A717E): 2
LogDevObjectVersion:   Dev-Editor (E4B068ED-F494-42E9-A231-DA0B2E46BB41): 20
LogDevObjectVersion:   Dev-Framework (CFFC743F-43B0-4480-9391-14DF171D2073): 28
LogDevObjectVersion:   Dev-Mobile (B02B49B5-BB20-44E9-A304-32B752E40360): 0
LogDevObjectVersion:   Dev-Networking (A4E4105C-59A1-49B5-A7C5-40C4547EDFEE): 0
LogDevObjectVersion:   Dev-Online (39C831C9-5AE6-47DC-9A44-9C173E1C8E7C): 0
LogDevObjectVersion:   Dev-Physics (78F01B33-EBEA-4F98-B9B4-84EACCB95AA2): 0
LogDevObjectVersion:   Dev-Platform (6631380F-2D4D-43E0-8009-CF276956A95A): 0
LogDevObjectVersion:   Dev-Rendering (12F88B9F-8875-4AFC-A67C-D90C383ABD29): 19
LogDevObjectVersion:   Dev-Sequencer (7B5AE74C-D270-4C10-A958-57980B212A5A): 4
LogDevObjectVersion:   Dev-VR (D7296918-1DD6-4BDD-9DE2-64A83CC13884): 0
LogDevObjectVersion:   Dev-LoadTimes (C2A15278-BFE7-4AFE-6C17-90FF531DF755): 1
LogDevObjectVersion:   Private-Geometry (6EACA3D4-40EC-4CC1-B786-8BED09428FC5): 1
LogDevObjectVersion:   Dev-AnimPhys (29E575DD-E0A3-4627-9D10-D276232CDCEA): 7
LogInit: Compiled (64-bit): Sep 22 2017 13:47:16
LogInit: Compiled with Visual C++: 19.00.24215.01
LogInit: Build Configuration: Development
LogInit: Branch Name: ++UE4+Release-4.17
LogInit: Command line: -EpicPortal 
LogInit: Base directory: N:/Epic Games/UE_4.17/Engine/Binaries/Win64/
LogInit: Installed Engine Build: 1
LogInit: Presizing for max 8388607 objects, including 0 objects not considered by GC, pre-allocating 0 bytes for permanent pool.
LogInit: Object subsystem initialized
[2017.10.25-16.00.26:610][  0]LogInit: Selected Device Profile: [Windows]
[2017.10.25-16.00.26:610][  0]LogInit: Applying CVar settings loaded from the selected device profile: [Windows]
[2017.10.25-16.00.26:621][  0]LogInit: Computer: DESKTOP-CGFJEAS
[2017.10.25-16.00.26:621][  0]LogInit: User: Sartt
[2017.10.25-16.00.26:621][  0]LogInit: CPU Page size=4096, Cores=6
[2017.10.25-16.00.26:621][  0]LogInit: High frequency timer resolution =14.318180 MHz
[2017.10.25-16.00.26:621][  0]LogMemory: Memory total: Physical=8.0GB (8GB approx)
[2017.10.25-16.00.26:621][  0]LogMemory: Platform Memory Stats for Windows
[2017.10.25-16.00.26:621][  0]LogMemory: Process Physical Memory: 278.56 MB used, 278.56 MB peak
[2017.10.25-16.00.26:621][  0]LogMemory: Process Virtual Memory: 274.44 MB used, 274.44 MB peak
[2017.10.25-16.00.26:621][  0]LogMemory: Physical Memory: 4371.92 MB used,  3818.25 MB free, 8190.17 MB total
[2017.10.25-16.00.26:621][  0]LogMemory: Virtual Memory: 673.23 MB used,  3818.25 MB free, 134217728.00 MB total
[2017.10.25-16.00.26:807][  0]LogInit: Using OS detected language (de-DE).
[2017.10.25-16.00.26:807][  0]LogInit: Using OS detected locale (de-DE).
[2017.10.25-16.00.26:811][  0]LogTextLocalizationManager: No localization for 'de-DE' exists, so 'en' will be used for the language.
[2017.10.25-16.00.26:811][  0]LogTextLocalizationManager: No localization for 'de-DE' exists, so 'en' will be used for the locale.
[2017.10.25-16.00.27:827][  0]LogD3D11RHI: D3D11 adapters:
[2017.10.25-16.00.29:393][  0]LogD3D11RHI:    0. 'NVIDIA GeForce GTX 760' (Feature Level 11_0)
[2017.10.25-16.00.29:393][  0]LogD3D11RHI:       2017/0/4095 MB DedicatedVideo/DedicatedSystem/SharedSystem, Outputs:2, VendorId:0x10de
[2017.10.25-16.00.29:396][  0]LogD3D11RHI:    1. 'Microsoft Basic Render Driver' (Feature Level 11_0)
[2017.10.25-16.00.29:396][  0]LogD3D11RHI:       0/0/4095 MB DedicatedVideo/DedicatedSystem/SharedSystem, Outputs:0, VendorId:0x1414
[2017.10.25-16.00.29:396][  0]LogD3D11RHI: Chosen D3D11 Adapter: 0
[2017.10.25-16.00.29:405][  0]LogD3D11RHI: Creating new Direct3DDevice
[2017.10.25-16.00.29:405][  0]LogD3D11RHI:     GPU DeviceId: 0x1187 (for the marketing name, search the web for "GPU Device Id")
[2017.10.25-16.00.29:405][  0]LogWindows: EnumDisplayDevices:
[2017.10.25-16.00.29:405][  0]LogWindows:    0. 'NVIDIA GeForce GTX 760' (P:1 D:1)
[2017.10.25-16.00.29:405][  0]LogWindows:    1. 'NVIDIA GeForce GTX 760' (P:0 D:1)
[2017.10.25-16.00.29:406][  0]LogWindows:    2. 'NVIDIA GeForce GTX 760' (P:0 D:0)
[2017.10.25-16.00.29:406][  0]LogWindows:    3. 'NVIDIA GeForce GTX 760' (P:0 D:0)
[2017.10.25-16.00.29:406][  0]LogWindows: DebugString: FoundDriverCount:4 
[2017.10.25-16.00.29:406][  0]LogD3D11RHI:     Adapter Name: NVIDIA GeForce GTX 760
[2017.10.25-16.00.29:406][  0]LogD3D11RHI:   Driver Version: 382.05 (internal:22.21.13.8205, unified:382.05)
[2017.10.25-16.00.29:406][  0]LogD3D11RHI:      Driver Date: 5-1-2017
[2017.10.25-16.00.29:406][  0]LogRHI: Texture pool is 1361 MB (70% of 1945 MB)
[2017.10.25-16.00.30:904][  0]LogD3D11RHI: Async texture creation enabled
[2017.10.25-16.00.30:949][  0]LogD3D11RHI: GPU Timing Frequency: 1000.000000 (Debug: 2 2)
[2017.10.25-16.00.31:049][  0]LogShaderCompilers: Guid format shader working directory is 0 characters bigger than the processId version (../../../../../Diploma Projekt/Diploma_Projekt/Intermediate/Shaders/WorkingDirectory/9852/).
[2017.10.25-16.00.31:049][  0]LogShaderCompilers: Cleaned the shader compiler working directory 'C:/Users/Sartt/AppData/Local/Temp/UnrealShaderWorkingDir/CC93CBF64495C8B2AED3B2B950673913/'.
[2017.10.25-16.00.31:049][  0]LogShaderCompilers: Display: Using Local Shader Compiler.
[2017.10.25-16.00.33:481][  0]LogTemp: Display: Loaded TP AllDesktopTargetPlatform
[2017.10.25-16.00.33:544][  0]LogTemp: Display: Loaded TP MacClientTargetPlatform
[2017.10.25-16.00.33:608][  0]LogTemp: Display: Loaded TP MacNoEditorTargetPlatform
[2017.10.25-16.00.33:669][  0]LogTemp: Display: Loaded TP MacServerTargetPlatform
[2017.10.25-16.00.33:735][  0]LogTemp: Display: Loaded TP MacTargetPlatform
[2017.10.25-16.00.33:800][  0]LogTemp: Display: Loaded TP WindowsClientTargetPlatform
[2017.10.25-16.00.33:864][  0]LogTemp: Display: Loaded TP WindowsNoEditorTargetPlatform
[2017.10.25-16.00.33:927][  0]LogTemp: Display: Loaded TP WindowsServerTargetPlatform
[2017.10.25-16.00.33:981][  0]LogTemp: Display: Loaded TP WindowsTargetPlatform
[2017.10.25-16.00.34:043][  0]LogTemp: Display: Loaded TP AndroidTargetPlatform
[2017.10.25-16.00.34:107][  0]LogTemp: Display: Loaded TP Android_ASTCTargetPlatform
[2017.10.25-16.00.34:172][  0]LogTemp: Display: Loaded TP Android_ATCTargetPlatform
[2017.10.25-16.00.34:244][  0]LogTemp: Display: Loaded TP Android_DXTTargetPlatform
[2017.10.25-16.00.34:313][  0]LogTemp: Display: Loaded TP Android_ETC1TargetPlatform
[2017.10.25-16.00.34:375][  0]LogTemp: Display: Loaded TP Android_ETC2TargetPlatform
[2017.10.25-16.00.34:499][  0]LogTemp: Display: Loaded TP Android_MultiTargetPlatform
[2017.10.25-16.00.34:499][  0]LogTemp: Display: Loaded TP Android_PVRTCTargetPlatform
[2017.10.25-16.00.34:544][  0]LogTemp: Display: Loaded TP HTML5TargetPlatform
[2017.10.25-16.00.34:654][  0]LogTemp: Display: Loaded TP IOSTargetPlatform
[2017.10.25-16.00.34:693][  0]LogTemp: Display: Loaded TP TVOSTargetPlatform
[2017.10.25-16.00.34:755][  0]LogTemp: Display: Loaded TP LinuxClientTargetPlatform
[2017.10.25-16.00.34:818][  0]LogTemp: Display: Loaded TP LinuxNoEditorTargetPlatform
[2017.10.25-16.00.34:880][  0]LogTemp: Display: Loaded TP LinuxServerTargetPlatform
[2017.10.25-16.00.34:943][  0]LogTemp: Display: Loaded TP LinuxTargetPlatform
[2017.10.25-16.00.34:943][  0]LogTargetPlatformManager: Display: Building Assets For Windows
[2017.10.25-16.00.35:511][  0]LogDerivedDataCache: Display: Max Cache Size: 512 MB
[2017.10.25-16.00.35:730][  0]LogDerivedDataCache: Loaded boot cache 0.22s 93MB C:/Users/Sartt/AppData/Local/UnrealEngine/4.17/DerivedDataCache/Boot.ddc.
[2017.10.25-16.00.35:730][  0]LogDerivedDataCache: Display: Loaded Boot cache: C:/Users/Sartt/AppData/Local/UnrealEngine/4.17/DerivedDataCache/Boot.ddc
[2017.10.25-16.00.35:730][  0]LogDerivedDataCache: FDerivedDataBackendGraph:  Pak pak cache file ../../../../../Diploma Projekt/Diploma_Projekt/DerivedDataCache/DDC.ddp not found, will not use a pak cache.
[2017.10.25-16.00.35:730][  0]LogDerivedDataCache: Unable to find inner node Pak for hierarchical cache Hierarchy.
[2017.10.25-16.00.35:730][  0]LogDerivedDataCache: FDerivedDataBackendGraph:  CompressedPak pak cache file ../../../../../Diploma Projekt/Diploma_Projekt/DerivedDataCache/Compressed.ddp not found, will not use a pak cache.
[2017.10.25-16.00.35:730][  0]LogDerivedDataCache: Unable to find inner node CompressedPak for hierarchical cache Hierarchy.
[2017.10.25-16.00.35:757][  0]LogDerivedDataCache: Display: Pak cache opened for reading ../../../Engine/DerivedDataCache/Compressed.ddp.
[2017.10.25-16.00.35:771][  0]LogDerivedDataCache: Using Local data cache path C:/Users/Sartt/AppData/Local/UnrealEngine/Common/DerivedDataCache: Writable
[2017.10.25-16.00.35:792][  0]LogMaterial: Verifying Global Shaders for PCD3D_SM5
[2017.10.25-16.00.35:792][  0]LogSlate: Using Freetype 2.6.0
[2017.10.25-16.00.35:793][  0]LogSlate: SlateFontCache - WITH_FREETYPE: 1, WITH_HARFBUZZ: 1
[2017.10.25-16.00.35:793][  0]LogSlate: SlateFontCache - WITH_FREETYPE: 1, WITH_HARFBUZZ: 1
[2017.10.25-16.00.36:214][  0]LogAssetRegistry: FAssetRegistry took 0.0293 seconds to start up
[2017.10.25-16.00.36:406][  0]LogInit: Selected Device Profile: [Windows]
[2017.10.25-16.00.36:666][  0]LogContentStreaming: Texture pool size is 0.00 MB
[2017.10.25-16.00.37:066][  0]LogSimplygon: Simplygon DLL not present - disabling.
[2017.10.25-16.00.37:116][  0]LogMeshReduction: Using SimplygonSwarm for distributed automatic mesh merging
[2017.10.25-16.00.37:116][  0]LogMeshReduction: Using QuadricMeshReduction for automatic static mesh reduction
[2017.10.25-16.00.37:117][  0]LogMeshReduction: No automatic skeletal mesh reduction module available
[2017.10.25-16.00.37:117][  0]LogMeshReduction: No automatic mesh merging module available
[2017.10.25-16.00.37:117][  0]LogMeshMerging: No automatic mesh merging module available
[2017.10.25-16.00.37:712][  0]LogNetVersion: Diploma_Projekt , NetCL: 3573198, EngineNetVer: 2, GameNetVer: 0 (Checksum: 2956349494)
[2017.10.25-16.00.37:988][  0]LogPackageLocalizationCache: Processed 5 localized package path(s) for 1 prioritized culture(s) in 0.032369 seconds
[2017.10.25-16.00.37:999][  0]LogUObjectArray: 35825 objects as part of root set at end of initial load.
[2017.10.25-16.00.37:999][  0]LogUObjectAllocator: 7529104 out of 0 bytes used by permanent object pool.
[2017.10.25-16.00.37:999][  0]LogUObjectArray: CloseDisregardForGC: 0/0 objects in disregard for GC pool
[2017.10.25-16.00.38:074][  0]LogInit: WinSock: version 1.1 (2.2), MaxSocks=32767, MaxUdp=65467
[2017.10.25-16.00.41:814][  0]LogTcpMessaging: Initializing TcpMessaging bridge
[2017.10.25-16.00.41:871][  0]LogUdpMessaging: Initializing bridge on interface 0.0.0.0:0 to multicast group 230.0.0.1:6666.
[2017.10.25-16.00.42:698][  0]LogMaterial: Uniform references updated for custom material expression Custom.
[2017.10.25-16.00.43:191][  0]SourceControl: Source control is disabled
[2017.10.25-16.00.43:191][  0]SourceControl: Source control is disabled
[2017.10.25-16.00.43:249][  0]SourceControl: Source control is disabled
[2017.10.25-16.00.43:305][  0]SourceControl: Source control is disabled
[2017.10.25-16.00.43:989][  0]LogAndroidPermission: UAndroidPermissionCallbackProxy::GetInstance
[2017.10.25-16.00.44:276][  0]LogOcInput: OculusInput pre-init called
[2017.10.25-16.00.44:601][  0]LogEngine: Initializing Engine...
[2017.10.25-16.00.44:604][  0]LogHMD: Failed to initialize OpenVR with code 110
[2017.10.25-16.00.45:013][  0]LogStats: UGameplayTagsManager::ConstructGameplayTagTree: Construct from data asset -  0.000 s
[2017.10.25-16.00.45:013][  0]LogStats: UGameplayTagsManager::ConstructGameplayTagTree: GameplayTagTreeChangedEvent.Broadcast -  0.000 s
[2017.10.25-16.00.45:168][  0]LogAIModule: Creating AISystem for world Untitled
[2017.10.25-16.00.45:197][  0]LogInit: XAudio2 using 'Lautsprecher (2- X-Rest 7.1)' : 2 channels at 48 kHz using 16 bits per sample (channel mask 0x3)
[2017.10.25-16.00.45:215][  0]LogInit: FAudioDevice initialized.
[2017.10.25-16.00.47:416][  0]LogDerivedDataCache: Saved boot cache 2.20s 93MB C:/Users/Sartt/AppData/Local/UnrealEngine/4.17/DerivedDataCache/Boot.ddc.
[2017.10.25-16.00.47:447][  0]LogInit: Texture streaming: Enabled
[2017.10.25-16.00.47:595][  0]LogEngineSessionManager: EngineSessionManager initialized
[2017.10.25-16.00.47:853][  0]LogInit: Transaction tracking system initialized
[2017.10.25-16.00.48:206][  0]BlueprintLog: New page: Editor Load
[2017.10.25-16.00.49:317][  0]LocalizationService: Localization service is disabled
[2017.10.25-16.00.50:136][  0]LogConsoleResponse: Display: 
[2017.10.25-16.00.50:389][  0]LogFileCache: Scanning file cache for directory 'N:/Diploma Projekt/Diploma_Projekt/Content/' took 0.01s
[2017.10.25-16.00.50:389][  0]LogCook: Display: Max memory allowance for cook 16384mb min free memory 0mb
[2017.10.25-16.00.50:389][  0]LogCook: Display: Mobile HDR setting 1
[2017.10.25-16.00.50:389][  0]LogGameplayTags: Display: UGameplayTagsManager::DoneAddingNativeTags. DelegateIsBound: 0
[2017.10.25-16.00.51:633][  0]SourceControl: Source control is disabled
[2017.10.25-16.00.51:633][  0]Cmd: MAP LOAD FILE="../../../Engine/Content/Maps/Templates/Template_Default.umap" TEMPLATE=1 SHOWPROGRESS=1 FEATURELEVEL=3
[2017.10.25-16.00.51:634][  0]LightingResults: New page: Lighting Build
[2017.10.25-16.00.51:683][  0]MapCheck: New page: Map Check
[2017.10.25-16.00.51:683][  0]LightingResults: New page: Lighting Build
[2017.10.25-16.00.52:013][  0]LogAIModule: Creating AISystem for world Untitled_1
[2017.10.25-16.00.52:022][  0]LogEditorServer: Finished looking for orphan Actors (0.000 secs)
[2017.10.25-16.00.52:047][  0]Cmd: MAP CHECKDEP NOCLEARLOG
[2017.10.25-16.00.52:119][  0]MapCheck: Map check complete: 0 Error(s), 0 Warning(s), took 71.388ms to complete.
[2017.10.25-16.00.52:119][  0]LogFileHelpers: Loading map 'Template_Default' took 0.486
[2017.10.25-16.00.52:317][  0]LogCollectionManager: Loaded 0 collections in 0.001314 seconds
[2017.10.25-16.00.52:408][  0]LogFileCache: Scanning file cache for directory 'N:/Diploma Projekt/Diploma_Projekt/Saved/Collections/' took 0.01s
[2017.10.25-16.00.52:408][  0]LogFileCache: Scanning file cache for directory 'N:/Diploma Projekt/Diploma_Projekt/Content/Developers/Sartt/Collections/' took 0.01s
[2017.10.25-16.00.52:408][  0]LogFileCache: Scanning file cache for directory 'N:/Diploma Projekt/Diploma_Projekt/Content/Collections/' took 0.01s
[2017.10.25-16.00.52:408][  0]LogCollectionManager: Rebuilt the GUID cache for 0 collections in 0.000002 seconds
[2017.10.25-16.00.52:424][  0]LogContentBrowser: Native class hierarchy populated in 0.0162 seconds. Added 2387 classes and 502 folders.
[2017.10.25-16.00.52:500][  0]LogContentBrowser: Native class hierarchy updated for 'WidgetCarousel' in 0.0025 seconds. Added 0 classes and 0 folders.
[2017.10.25-16.00.52:565][  0]LogContentBrowser: Native class hierarchy updated for 'AddContentDialog' in 0.0021 seconds. Added 0 classes and 0 folders.
[2017.10.25-16.00.52:619][  0]LogContentBrowser: Native class hierarchy updated for 'SceneOutliner' in 0.0021 seconds. Added 1 classes and 2 folders.
[2017.10.25-16.00.52:721][  0]LogSlate: Took 0.000347 seconds to synchronously load lazily loaded font '../../../Engine/Content/Slate/Fonts/Roboto-Regular.ttf' (155K)
[2017.10.25-16.00.52:724][  0]LogSlate: Took 0.000328 seconds to synchronously load lazily loaded font '../../../Engine/Content/Slate/Fonts/Roboto-Bold.ttf' (160K)
[2017.10.25-16.00.52:739][  0]LogSlate: Took 0.000437 seconds to synchronously load lazily loaded font '../../../Engine/Content/Editor/Slate/Fonts/FontAwesome.ttf' (139K)
[2017.10.25-16.00.52:740][  0]LogSlate: Took 0.000285 seconds to synchronously load lazily loaded font '../../../Engine/Content/Editor/Slate/Fonts/DroidSansMono.ttf' (77K)
[2017.10.25-16.00.52:962][  0]LogRenderer: Reallocating scene render targets to support 1208x576 Format 10 NumSamples 1 (Frame:1).
[2017.10.25-16.00.53:198][  0]LogContentBrowser: Native class hierarchy updated for 'HierarchicalLODOutliner' in 0.0024 seconds. Added 1 classes and 2 folders.
[2017.10.25-16.00.53:198][  0]LogLoad: (Engine Initialization) Total time: 29.16 seconds
[2017.10.25-16.00.53:198][  0]LogLoad: (Engine Initialization) Total Blueprint compile time: 0.00 seconds
[2017.10.25-16.00.53:199][  0]LogExternalProfiler: Found external profiler: VSPerf
[2017.10.25-16.00.53:199][  0]LogExternalProfiler: Using external profiler: VSPerf
[2017.10.25-16.00.53:210][  0]LogWindowsTextInputMethodSystem: Display: IME system now deactivated.
[2017.10.25-16.00.53:237][  0]LogContentStreaming: Texture pool size now 1000 MB
[2017.10.25-16.00.53:332][  2]LogAssetRegistry: Asset discovery search completed in 17.1402 seconds
[2017.10.25-16.00.53:335][  2]LogCollectionManager: Rebuilt the object cache for 0 collections in 0.000001 seconds (found 0 objects)
[2017.10.25-16.00.53:335][  2]LogCollectionManager: Fixed up redirectors for 0 collections in 0.000243 seconds (updated 0 objects)
[2017.10.25-16.08.31:050][477]LogSlate: Took 0.000464 seconds to synchronously load lazily loaded font '../../../Engine/Content/Slate/Fonts/Roboto-Light.ttf' (159K)
[2017.10.25-16.08.35:282][946]LogSlate: Took 0.000285 seconds to synchronously load lazily loaded font '../../../Engine/Content/Slate/Fonts/Roboto-Light.ttf' (159K)
[2017.10.25-16.08.35:340][946]LogSlate: Took 0.000397 seconds to synchronously load lazily loaded font '../../../Engine/Content/Editor/Slate/Fonts/Roboto-BoldCondensed.ttf' (158K)
[2017.10.25-16.08.49:190][226]Running N:/Epic Games/UE_4.17/Engine/Binaries/DotNET/UnrealBuildTool.exe Diploma_Projekt Win64 Development -editorrecompile "N:/Diploma Projekt/Diploma_Projekt/Diploma_Projekt.uproject" -invalidatemakefilesonly
[2017.10.25-16.08.49:594][226]Invalidating makefiles only in this run.
[2017.10.25-16.08.49:703][226]LogSlate: Took 0.000355 seconds to synchronously load lazily loaded font '../../../Engine/Content/Slate/Fonts/Roboto-Regular.ttf' (155K)
[2017.10.25-16.08.49:754][226]Candidate modules for hot reload:
[2017.10.25-16.08.49:754][226]  Diploma_Projekt
[2017.10.25-16.08.49:754][226]Launching UnrealBuildTool... [N:/Epic Games/UE_4.17/Engine/Binaries/DotNET/UnrealBuildTool.exe Diploma_Projekt -ModuleWithSuffix Diploma_Projekt 4037 Win64 Development -editorrecompile -canskiplink "N:/Diploma Projekt/Diploma_Projekt/Diploma_Projekt.uproject" ]
[2017.10.25-16.09.13:963][226]CompilerResultsLog: New page: Compilation - Oct 25, 2017, 8:09:13 PM
[2017.10.25-16.09.13:964][226]CompilerResultsLog: Performing full C++ include scan (hot reloading a new target)
[2017.10.25-16.09.13:964][226]CompilerResultsLog: Compiling game modules for hot reload
[2017.10.25-16.09.13:964][226]CompilerResultsLog: Parsing headers for Diploma_ProjektEditor
[2017.10.25-16.09.13:964][226]CompilerResultsLog:   Running UnrealHeaderTool "N:\Diploma Projekt\Diploma_Projekt\Diploma_Projekt.uproject" "N:\Diploma Projekt\Diploma_Projekt\Intermediate\Build\Win64\Diploma_ProjektEditor\Development\Diploma_ProjektEditor.uhtmanifest" -LogCmds="loginit warning, logexit warning, logdatabase error" -Unattended -WarningsAsErrors -installed
[2017.10.25-16.09.13:965][226]CompilerResultsLog: Reflection code generated for Diploma_ProjektEditor in 14,1963778 seconds
[2017.10.25-16.09.13:965][226]CompilerResultsLog: Performing 3 actions (6 in parallel)
[2017.10.25-16.09.13:965][226]CompilerResultsLog: Hex.cpp
[2017.10.25-16.09.13:965][226]CompilerResultsLog: [2/3] Link UE4Editor-Diploma_Projekt-4037.dll
[2017.10.25-16.09.13:965][226]CompilerResultsLog: [3/3] Link UE4Editor-Diploma_Projekt-4037.lib
[2017.10.25-16.09.13:965][226]CompilerResultsLog:    Bibliothek "N:\Diploma Projekt\Diploma_Projekt\Intermediate\Build\Win64\UE4Editor\Development\UE4Editor-Diploma_Projekt-4037.lib" und Objekt "N:\Diploma Projekt\Diploma_Projekt\Intermediate\Build\Win64\UE4Editor\Development\UE4Editor-Diploma_Projekt-4037.exp" werden erstellt.
[2017.10.25-16.09.13:966][226]CompilerResultsLog:    Bibliothek "N:\Diploma Projekt\Diploma_Projekt\Intermediate\Build\Win64\UE4Editor\Development\UE4Editor-Diploma_Projekt-4037.suppressed.lib" und Objekt "N:\Diploma Projekt\Diploma_Projekt\Intermediate\Build\Win64\UE4Editor\Development\UE4Editor-Diploma_Projekt-4037.suppressed.exp" werden erstellt.
[2017.10.25-16.09.13:967][226]CompilerResultsLog: Total build time: 23,89 seconds (Local executor: 2,74 seconds)
[2017.10.25-16.09.13:967][226]LogMainFrame: MainFrame: Module compiling took 24.223 seconds
[2017.10.25-16.09.14:157][226]LogContentBrowser: Native class hierarchy updated for 'Diploma_Projekt' in 0.0024 seconds. Added 1 classes and 2 folders.
[2017.10.25-16.09.14:161][226]Display: HotReload successful (0 functions remapped  0 scriptstructs remapped)
[2017.10.25-16.09.14:518][226]LogContentBrowser: Native class hierarchy populated in 0.0174 seconds. Added 2389 classes and 506 folders.
[2017.10.25-16.09.14:519][226]Display: HotReload took 24.8s.
[2017.10.25-16.09.14:521][226]Warning: HotReload operation took 24.8s.
[2017.10.25-16.09.15:649][226]LogVSAccessor: Warning: Couldn't goto line number '0' in 'N:/Diploma Projekt/Diploma_Projekt/Source/Diploma_Projekt/Hex.h'
[2017.10.25-16.09.16:366][226]LogVSAccessor: Warning: Couldn't open file 'N:/Diploma Projekt/Diploma_Projekt/Source/Diploma_Projekt/Hex.cpp'.
[2017.10.25-16.09.16:383][226]LogHotReload: New module detected: UE4Editor-Diploma_Projekt-4037.dll
[2017.10.25-16.09.16:471][227]LogHotReload: Starting Hot-Reload from IDE
[2017.10.25-16.09.16:578][227]LogContentBrowser: Native class hierarchy updated for 'Diploma_Projekt' in 0.0025 seconds. Added 1 classes and 2 folders.
[2017.10.25-16.09.16:583][227]Display: HotReload successful (0 functions remapped  0 scriptstructs remapped)
[2017.10.25-16.09.16:604][227]LogContentBrowser: Native class hierarchy populated in 0.0177 seconds. Added 2389 classes and 506 folders.
[2017.10.25-16.09.16:614][227]Display: HotReload took  0.1s.
[2017.10.25-16.09.37:507][355]Running N:/Epic Games/UE_4.17/Engine/Binaries/DotNET/UnrealBuildTool.exe Diploma_Projekt Win64 Development -editorrecompile "N:/Diploma Projekt/Diploma_Projekt/Diploma_Projekt.uproject" -invalidatemakefilesonly
[2017.10.25-16.09.37:911][355]Invalidating makefiles only in this run.
[2017.10.25-16.09.38:235][355]Candidate modules for hot reload:
[2017.10.25-16.09.38:235][355]  Diploma_Projekt
[2017.10.25-16.09.38:235][355]Launching UnrealBuildTool... [N:/Epic Games/UE_4.17/Engine/Binaries/DotNET/UnrealBuildTool.exe Diploma_Projekt -ModuleWithSuffix Diploma_Projekt 1682 Win64 Development -editorrecompile -canskiplink "N:/Diploma Projekt/Diploma_Projekt/Diploma_Projekt.uproject" ]
[2017.10.25-16.10.02:703][355]CompilerResultsLog: New page: Compilation - Oct 25, 2017, 8:10:02 PM
[2017.10.25-16.10.02:703][355]CompilerResultsLog: Compiling game modules for hot reload
[2017.10.25-16.10.02:703][355]CompilerResultsLog: Parsing headers for Diploma_ProjektEditor
[2017.10.25-16.10.02:704][355]CompilerResultsLog:   Running UnrealHeaderTool "N:\Diploma Projekt\Diploma_Projekt\Diploma_Projekt.uproject" "N:\Diploma Projekt\Diploma_Projekt\Intermediate\Build\Win64\Diploma_ProjektEditor\Development\Diploma_ProjektEditor.uhtmanifest" -LogCmds="loginit warning, logexit warning, logdatabase error" -Unattended -WarningsAsErrors -installed
[2017.10.25-16.10.02:704][355]CompilerResultsLog: Reflection code generated for Diploma_ProjektEditor in 14,5826593 seconds
[2017.10.25-16.10.02:704][355]CompilerResultsLog: Performing 5 actions (6 in parallel)
[2017.10.25-16.10.02:704][355]CompilerResultsLog: Hexagon.cpp
[2017.10.25-16.10.02:705][355]CompilerResultsLog: Hexagon.gen.cpp
[2017.10.25-16.10.02:705][355]CompilerResultsLog: Diploma_Projekt.init.gen.cpp
[2017.10.25-16.10.02:705][355]CompilerResultsLog: [4/5] Link UE4Editor-Diploma_Projekt-1682.dll
[2017.10.25-16.10.02:705][355]CompilerResultsLog: [5/5] Link UE4Editor-Diploma_Projekt-1682.lib
[2017.10.25-16.10.02:705][355]CompilerResultsLog:    Bibliothek "N:\Diploma Projekt\Diploma_Projekt\Intermediate\Build\Win64\UE4Editor\Development\UE4Editor-Diploma_Projekt-1682.lib" und Objekt "N:\Diploma Projekt\Diploma_Projekt\Intermediate\Build\Win64\UE4Editor\Development\UE4Editor-Diploma_Projekt-1682.exp" werden erstellt.
[2017.10.25-16.10.02:706][355]CompilerResultsLog:    Bibliothek "N:\Diploma Projekt\Diploma_Projekt\Intermediate\Build\Win64\UE4Editor\Development\UE4Editor-Diploma_Projekt-1682.suppressed.lib" und Objekt "N:\Diploma Projekt\Diploma_Projekt\Intermediate\Build\Win64\UE4Editor\Development\UE4Editor-Diploma_Projekt-1682.suppressed.exp" werden erstellt.
[2017.10.25-16.10.02:706][355]CompilerResultsLog: Total build time: 24,15 seconds (Local executor: 3,30 seconds)
[2017.10.25-16.10.02:706][355]LogMainFrame: MainFrame: Module compiling took 24.481 seconds
[2017.10.25-16.10.02:937][355]LogClass: Could not find existing class Hexagon in package /Script/Diploma_Projekt for HotReload, assuming new class
[2017.10.25-16.10.02:942][355]LogContentBrowser: Native class hierarchy updated for 'Diploma_Projekt' in 0.0024 seconds. Added 2 classes and 2 folders.
[2017.10.25-16.10.02:946][355]Display: HotReload successful (0 functions remapped  0 scriptstructs remapped)
[2017.10.25-16.10.02:992][355]LogContentBrowser: Native class hierarchy populated in 0.0166 seconds. Added 2390 classes and 506 folders.
[2017.10.25-16.10.02:992][355]Display: HotReload took 25.0s.
[2017.10.25-16.10.02:994][355]Warning: HotReload operation took 25.0s.
[2017.10.25-16.10.03:253][355]LogVSAccessor: Warning: Couldn't goto line number '0' in 'N:/Diploma Projekt/Diploma_Projekt/Source/Diploma_Projekt/Hexagon.h'
[2017.10.25-16.10.03:358][355]LogVSAccessor: Warning: Couldn't goto line number '0' in 'N:/Diploma Projekt/Diploma_Projekt/Source/Diploma_Projekt/Hexagon.cpp'
[2017.10.25-16.10.03:462][355]LogHotReload: New module detected: UE4Editor-Diploma_Projekt-1682.dll
[2017.10.25-16.10.03:512][356]LogHotReload: Starting Hot-Reload from IDE
[2017.10.25-16.10.03:621][356]LogContentBrowser: Native class hierarchy updated for 'Diploma_Projekt' in 0.0023 seconds. Added 2 classes and 2 folders.
[2017.10.25-16.10.03:625][356]Display: HotReload successful (0 functions remapped  0 scriptstructs remapped)
[2017.10.25-16.10.03:645][356]LogContentBrowser: Native class hierarchy populated in 0.0167 seconds. Added 2390 classes and 506 folders.
[2017.10.25-16.10.03:654][356]Display: HotReload took  0.1s.
[2017.10.25-16.10.28:366][519]Running N:/Epic Games/UE_4.17/Engine/Binaries/DotNET/UnrealBuildTool.exe Diploma_Projekt Win64 Development -editorrecompile "N:/Diploma Projekt/Diploma_Projekt/Diploma_Projekt.uproject" -invalidatemakefilesonly
[2017.10.25-16.10.28:772][519]Invalidating makefiles only in this run.
[2017.10.25-16.10.29:139][519]Candidate modules for hot reload:
[2017.10.25-16.10.29:139][519]  Diploma_Projekt
[2017.10.25-16.10.29:139][519]Launching UnrealBuildTool... [N:/Epic Games/UE_4.17/Engine/Binaries/DotNET/UnrealBuildTool.exe Diploma_Projekt -ModuleWithSuffix Diploma_Projekt 7960 Win64 Development -editorrecompile -canskiplink "N:/Diploma Projekt/Diploma_Projekt/Diploma_Projekt.uproject" ]
[2017.10.25-16.10.53:000][519]CompilerResultsLog: New page: Compilation - Oct 25, 2017, 8:10:53 PM
[2017.10.25-16.10.53:000][519]CompilerResultsLog: Compiling game modules for hot reload
[2017.10.25-16.10.53:000][519]CompilerResultsLog: Parsing headers for Diploma_ProjektEditor
[2017.10.25-16.10.53:001][519]CompilerResultsLog:   Running UnrealHeaderTool "N:\Diploma Projekt\Diploma_Projekt\Diploma_Projekt.uproject" "N:\Diploma Projekt\Diploma_Projekt\Intermediate\Build\Win64\Diploma_ProjektEditor\Development\Diploma_ProjektEditor.uhtmanifest" -LogCmds="loginit warning, logexit warning, logdatabase error" -Unattended -WarningsAsErrors -installed
[2017.10.25-16.10.53:001][519]CompilerResultsLog: Reflection code generated for Diploma_ProjektEditor in 14,4716297 seconds
[2017.10.25-16.10.53:001][519]CompilerResultsLog: Performing 5 actions (6 in parallel)
[2017.10.25-16.10.53:001][519]CompilerResultsLog: HexGrid.cpp
[2017.10.25-16.10.53:002][519]CompilerResultsLog: HexGrid.gen.cpp
[2017.10.25-16.10.53:002][519]CompilerResultsLog: Diploma_Projekt.init.gen.cpp
[2017.10.25-16.10.53:002][519]CompilerResultsLog: [4/5] Link UE4Editor-Diploma_Projekt-7960.dll
[2017.10.25-16.10.53:002][519]CompilerResultsLog: [5/5] Link UE4Editor-Diploma_Projekt-7960.lib
[2017.10.25-16.10.53:002][519]CompilerResultsLog:    Bibliothek "N:\Diploma Projekt\Diploma_Projekt\Intermediate\Build\Win64\UE4Editor\Development\UE4Editor-Diploma_Projekt-7960.lib" und Objekt "N:\Diploma Projekt\Diploma_Projekt\Intermediate\Build\Win64\UE4Editor\Development\UE4Editor-Diploma_Projekt-7960.exp" werden erstellt.
[2017.10.25-16.10.53:003][519]CompilerResultsLog:    Bibliothek "N:\Diploma Projekt\Diploma_Projekt\Intermediate\Build\Win64\UE4Editor\Development\UE4Editor-Diploma_Projekt-7960.suppressed.lib" und Objekt "N:\Diploma Projekt\Diploma_Projekt\Intermediate\Build\Win64\UE4Editor\Development\UE4Editor-Diploma_Projekt-7960.suppressed.exp" werden erstellt.
[2017.10.25-16.10.53:003][519]CompilerResultsLog: Total build time: 23,53 seconds (Local executor: 2,78 seconds)
[2017.10.25-16.10.53:003][519]LogMainFrame: MainFrame: Module compiling took 23.873 seconds
[2017.10.25-16.10.53:189][519]LogClass: Could not find existing class HexGrid in package /Script/Diploma_Projekt for HotReload, assuming new class
[2017.10.25-16.10.53:193][519]LogContentBrowser: Native class hierarchy updated for 'Diploma_Projekt' in 0.0023 seconds. Added 3 classes and 2 folders.
[2017.10.25-16.10.53:197][519]Display: HotReload successful (0 functions remapped  0 scriptstructs remapped)
[2017.10.25-16.10.53:244][519]LogContentBrowser: Native class hierarchy populated in 0.0172 seconds. Added 2391 classes and 506 folders.
[2017.10.25-16.10.53:244][519]Display: HotReload took 24.4s.
[2017.10.25-16.10.53:246][519]Warning: HotReload operation took 24.4s.
[2017.10.25-16.10.53:372][519]LogVSAccessor: Warning: Couldn't goto line number '0' in 'N:/Diploma Projekt/Diploma_Projekt/Source/Diploma_Projekt/HexGrid.h'
[2017.10.25-16.10.53:499][519]LogVSAccessor: Warning: Couldn't goto line number '0' in 'N:/Diploma Projekt/Diploma_Projekt/Source/Diploma_Projekt/HexGrid.cpp'
[2017.10.25-16.10.53:535][519]LogHotReload: New module detected: UE4Editor-Diploma_Projekt-7960.dll
[2017.10.25-16.10.53:585][520]LogHotReload: Starting Hot-Reload from IDE
[2017.10.25-16.10.53:709][520]LogContentBrowser: Native class hierarchy updated for 'Diploma_Projekt' in 0.0026 seconds. Added 3 classes and 2 folders.
[2017.10.25-16.10.53:714][520]Display: HotReload successful (0 functions remapped  0 scriptstructs remapped)
[2017.10.25-16.10.53:736][520]LogContentBrowser: Native class hierarchy populated in 0.0177 seconds. Added 2391 classes and 506 folders.
[2017.10.25-16.10.53:746][520]Display: HotReload took  0.2s.
[2017.10.25-16.11.05:771][437]LogWindowsTextInputMethodSystem: Display: IME system now deactivated.
[2017.10.25-16.11.05:981][438]Cmd: QUIT_EDITOR
[2017.10.25-16.11.06:018][438]LogExit: Preparing to exit.
[2017.10.25-16.11.07:190][438]LogDirectoryWatcher: A directory notification for 'N:/Diploma Projekt/Diploma_Projekt/Content/' was aborted.
[2017.10.25-16.11.07:219][438]LogExit: Editor shut down
[2017.10.25-16.11.07:230][438]LogExit: Transaction tracking system shut down
[2017.10.25-16.11.07:390][438]LogDirectoryWatcher: A directory notification for '../../../Engine/Content/' was aborted.
[2017.10.25-16.11.07:390][438]LogDirectoryWatcher: A directory notification for '../../../../../Diploma Projekt/Diploma_Projekt/Content/' was aborted.
[2017.10.25-16.11.07:390][438]LogDirectoryWatcher: A directory notification for '../../../Engine/Plugins/2D/Paper2D/Content/' was aborted.
[2017.10.25-16.11.07:390][438]LogDirectoryWatcher: A directory notification for '../../../Engine/Plugins/Runtime/Oculus/OculusVR/Content/' was aborted.
[2017.10.25-16.11.07:390][438]LogDirectoryWatcher: A directory notification for '../../../Engine/Plugins/Runtime/Steam/SteamVR/Content/' was aborted.
[2017.10.25-16.11.07:473][438]LogExit: Object subsystem successfully closed.
[2017.10.25-16.11.07:494][438]LogD3D11RHI: Shutdown
[2017.10.25-16.11.07:494][438]LogD3D11RHI: CleanupD3DDevice
[2017.10.25-16.11.07:579][438]LogD3D11RHI: ~FD3D11DynamicRHI
[2017.10.25-16.11.07:596][438]LogModuleManager: Shutting down and abandoning module Diploma_Projekt (538)
[2017.10.25-16.11.07:596][438]LogModuleManager: Shutting down and abandoning module HierarchicalLODOutliner (532)
[2017.10.25-16.11.07:596][438]LogModuleManager: Shutting down and abandoning module SceneOutliner (530)
[2017.10.25-16.11.07:596][438]LogModuleManager: Shutting down and abandoning module AddContentDialog (528)
[2017.10.25-16.11.07:596][438]LogDirectoryWatcher: A directory notification for 'N:/Epic Games/UE_4.17/FeaturePacks/' was aborted.
[2017.10.25-16.11.07:598][438]LogModuleManager: Shutting down and abandoning module WidgetCarousel (527)
[2017.10.25-16.11.07:598][438]LogModuleManager: Shutting down and abandoning module EditorWidgets (524)
[2017.10.25-16.11.07:598][438]LogModuleManager: Shutting down and abandoning module CollectionManager (522)
[2017.10.25-16.11.07:599][438]LogDirectoryWatcher: A directory notification for 'N:/Diploma Projekt/Diploma_Projekt/Content/Collections/' was aborted.
[2017.10.25-16.11.07:599][438]LogDirectoryWatcher: A directory notification for 'N:/Diploma Projekt/Diploma_Projekt/Content/Developers/Sartt/Collections/' was aborted.
[2017.10.25-16.11.07:599][438]LogDirectoryWatcher: A directory notification for 'N:/Diploma Projekt/Diploma_Projekt/Saved/Collections/' was aborted.
[2017.10.25-16.11.07:599][438]LogModuleManager: Shutting down and abandoning module StatsViewer (520)
[2017.10.25-16.11.07:599][438]LogModuleManager: Shutting down and abandoning module FoliageEdit (518)
[2017.10.25-16.11.07:599][438]LogModuleManager: Shutting down and abandoning module LandscapeEditor (516)
[2017.10.25-16.11.07:599][438]LogModuleManager: Shutting down and abandoning module MeshPaintMode (514)
[2017.10.25-16.11.07:599][438]LogModuleManager: Shutting down and abandoning module SceneDepthPickerMode (512)
[2017.10.25-16.11.07:599][438]LogModuleManager: Shutting down and abandoning module ActorPickerMode (510)
[2017.10.25-16.11.07:599][438]LogModuleManager: Shutting down and abandoning module GeometryMode (508)
[2017.10.25-16.11.07:599][438]LogModuleManager: Shutting down and abandoning module TextureAlignMode (506)
[2017.10.25-16.11.07:599][438]LogModuleManager: Shutting down and abandoning module BspMode (504)
[2017.10.25-16.11.07:599][438]LogModuleManager: Shutting down and abandoning module PIEPreviewDeviceProfileSelector (502)
[2017.10.25-16.11.07:599][438]LogModuleManager: Shutting down and abandoning module HardwareSurvey (500)
[2017.10.25-16.11.07:599][438]LogModuleManager: Shutting down and abandoning module SequenceRecorderSections (498)
[2017.10.25-16.11.07:599][438]LogModuleManager: Shutting down and abandoning module AutomationWorker (496)
[2017.10.25-16.11.07:599][438]LogModuleManager: Shutting down and abandoning module MatineeToLevelSequence (494)
[2017.10.25-16.11.07:599][438]LogModuleManager: Shutting down and abandoning module LevelSequenceEditor (492)
[2017.10.25-16.11.07:600][438]LogModuleManager: Shutting down and abandoning module PlacementMode (491)
[2017.10.25-16.11.07:600][438]LogModuleManager: Shutting down and abandoning module WmfMediaFactory (488)
[2017.10.25-16.11.07:600][438]LogModuleManager: Shutting down and abandoning module WmfMediaEditor (486)
[2017.10.25-16.11.07:600][438]LogModuleManager: Shutting down and abandoning module AvfMediaFactory (484)
[2017.10.25-16.11.07:600][438]LogModuleManager: Shutting down and abandoning module AvfMediaEditor (482)
[2017.10.25-16.11.07:600][438]LogModuleManager: Shutting down and abandoning module AndroidMediaFactory (480)
[2017.10.25-16.11.07:600][438]LogModuleManager: Shutting down and abandoning module Media (479)
[2017.10.25-16.11.07:600][438]LogModuleManager: Shutting down and abandoning module AndroidMediaEditor (476)
[2017.10.25-16.11.07:600][438]LogModuleManager: Shutting down and abandoning module CharacterAI (474)
[2017.10.25-16.11.07:600][438]LogModuleManager: Shutting down and abandoning module AudioCapture (472)
[2017.10.25-16.11.07:600][438]LogModuleManager: Shutting down and abandoning module SequenceRecorder (471)
[2017.10.25-16.11.07:600][438]LogModuleManager: Shutting down and abandoning module SmartSnapping (468)
[2017.10.25-16.11.07:600][438]LogModuleManager: Shutting down and abandoning module SessionServices (466)
[2017.10.25-16.11.07:600][438]LogModuleManager: Shutting down and abandoning module ViewportSnapping (464)
[2017.10.25-16.11.07:600][438]LogModuleManager: Shutting down and abandoning module ViewportInteraction (462)
[2017.10.25-16.11.07:600][438]LogModuleManager: Shutting down and abandoning module ClothPainter (460)
[2017.10.25-16.11.07:600][438]LogModuleManager: Shutting down and abandoning module LogVisualizer (458)
[2017.10.25-16.11.07:600][438]LogModuleManager: Shutting down and abandoning module IntroTutorials (456)
[2017.10.25-16.11.07:600][438]LogModuleManager: Shutting down and abandoning module GameProjectGeneration (455)
[2017.10.25-16.11.07:600][438]LogModuleManager: Shutting down and abandoning module IOSPlatformEditor (452)
[2017.10.25-16.11.07:600][438]LogModuleManager: Shutting down and abandoning module HTML5PlatformEditor (450)
[2017.10.25-16.11.07:600][438]LogModuleManager: Shutting down and abandoning module AndroidPlatformEditor (448)
[2017.10.25-16.11.07:600][438]LogModuleManager: Shutting down and abandoning module AndroidDeviceDetection (447)
[2017.10.25-16.11.07:933][438]LogModuleManager: Shutting down and abandoning module WindowsPlatformEditor (444)
[2017.10.25-16.11.07:933][438]LogModuleManager: Shutting down and abandoning module IOSRuntimeSettings (442)
[2017.10.25-16.11.07:933][438]LogModuleManager: Shutting down and abandoning module AndroidRuntimeSettings (440)
[2017.10.25-16.11.07:933][438]LogModuleManager: Shutting down and abandoning module InputBindingEditor (438)
[2017.10.25-16.11.07:933][438]LogModuleManager: Shutting down and abandoning module MergeActors (436)
[2017.10.25-16.11.07:933][438]LogModuleManager: Shutting down and abandoning module SizeMap (434)
[2017.10.25-16.11.07:933][438]LogModuleManager: Shutting down and abandoning module TreeMap (432)
[2017.10.25-16.11.07:933][438]LogModuleManager: Shutting down and abandoning module ReferenceViewer (430)
[2017.10.25-16.11.07:933][438]LogModuleManager: Shutting down and abandoning module LocalizationDashboard (428)
[2017.10.25-16.11.07:933][438]LogModuleManager: Shutting down and abandoning module LocalizationService (427)
[2017.10.25-16.11.07:933][438]LogModuleManager: Shutting down and abandoning module HardwareTargeting (424)
[2017.10.25-16.11.07:933][438]LogModuleManager: Shutting down and abandoning module DeviceProfileEditor (422)
[2017.10.25-16.11.07:933][438]LogModuleManager: Shutting down and abandoning module UndoHistory (420)
[2017.10.25-16.11.07:933][438]LogModuleManager: Shutting down and abandoning module XmlParser (418)
[2017.10.25-16.11.07:933][438]LogModuleManager: Shutting down and abandoning module Blutility (416)
[2017.10.25-16.11.07:933][438]LogModuleManager: Shutting down and abandoning module ProjectSettingsViewer (414)
[2017.10.25-16.11.07:933][438]LogModuleManager: Shutting down and abandoning module ProjectTargetPlatformEditor (413)
[2017.10.25-16.11.07:934][438]LogModuleManager: Shutting down and abandoning module EditorSettingsViewer (410)
[2017.10.25-16.11.07:934][438]LogModuleManager: Shutting down and abandoning module SettingsEditor (408)
[2017.10.25-16.11.07:934][438]LogModuleManager: Shutting down and abandoning module ProjectLauncher (406)
[2017.10.25-16.11.07:934][438]LogModuleManager: Shutting down and abandoning module SessionFrontend (404)
[2017.10.25-16.11.07:934][438]LogModuleManager: Shutting down and abandoning module ProfilerClient (402)
[2017.10.25-16.11.07:934][438]LogModuleManager: Shutting down and abandoning module DeviceManager (400)
[2017.10.25-16.11.07:934][438]LogModuleManager: Shutting down and abandoning module TargetDeviceServices (399)
[2017.10.25-16.11.07:998][438]LogModuleManager: Shutting down and abandoning module AutomationController (396)
[2017.10.25-16.11.07:998][438]LogModuleManager: Shutting down and abandoning module AutomationWindow (394)
[2017.10.25-16.11.07:998][438]LogModuleManager: Shutting down and abandoning module Layers (392)
[2017.10.25-16.11.07:998][438]LogModuleManager: Shutting down and abandoning module ComponentVisualizers (390)
[2017.10.25-16.11.07:998][438]LogModuleManager: Shutting down and abandoning module DetailCustomizations (388)
[2017.10.25-16.11.07:998][438]LogModuleManager: Shutting down and abandoning module PackagesDialog (386)
[2017.10.25-16.11.07:998][438]LogModuleManager: Shutting down and abandoning module Persona (384)
[2017.10.25-16.11.07:998][438]LogModuleManager: Shutting down and abandoning module AdvancedPreviewScene (383)
[2017.10.25-16.11.07:999][438]LogModuleManager: Shutting down and abandoning module AnimGraph (381)
[2017.10.25-16.11.07:999][438]LogModuleManager: Shutting down and abandoning module Kismet (378)
[2017.10.25-16.11.07:999][438]LogModuleManager: Shutting down and abandoning module ClassViewer (376)
[2017.10.25-16.11.08:001][438]LogModuleManager: Shutting down and abandoning module Toolbox (374)
[2017.10.25-16.11.08:001][438]LogModuleManager: Shutting down and abandoning module ModuleUI (372)
[2017.10.25-16.11.08:001][438]LogModuleManager: Shutting down and abandoning module MovieSceneTools (370)
[2017.10.25-16.11.08:001][438]LogModuleManager: Shutting down and abandoning module OutputLog (368)
[2017.10.25-16.11.08:001][438]LogModuleManager: Shutting down and abandoning module GammaUI (366)
[2017.10.25-16.11.08:001][438]LogModuleManager: Shutting down and abandoning module Documentation (364)
[2017.10.25-16.11.08:001][438]LogModuleManager: Shutting down and abandoning module MovieSceneTracks (362)
[2017.10.25-16.11.08:001][438]LogModuleManager: Shutting down and abandoning module MovieScene (360)
[2017.10.25-16.11.08:001][438]LogModuleManager: Shutting down and abandoning module Niagara (358)
[2017.10.25-16.11.08:001][438]LogModuleManager: Shutting down and abandoning module NiagaraEditor (357)
[2017.10.25-16.11.08:001][438]LogModuleManager: Shutting down and abandoning module StreamingPauseRendering (354)
[2017.10.25-16.11.08:001][438]LogModuleManager: Shutting down and abandoning module LauncherPlatform (352)
[2017.10.25-16.11.08:002][438]LogModuleManager: Shutting down and abandoning module AnalyticsET (350)
[2017.10.25-16.11.08:002][438]LogModuleManager: Shutting down and abandoning module PortalServices (348)
[2017.10.25-16.11.08:002][438]LogModuleManager: Shutting down and abandoning module PortalRpc (346)
[2017.10.25-16.11.08:002][438]LogModuleManager: Shutting down and abandoning module MessagingRpc (344)
[2017.10.25-16.11.08:002][438]LogModuleManager: Shutting down and abandoning module AIModule (342)
[2017.10.25-16.11.08:002][438]LogModuleManager: Shutting down and abandoning module GameplayDebugger (341)
[2017.10.25-16.11.08:002][438]LogModuleManager: Shutting down and abandoning module AITestSuite (339)
[2017.10.25-16.11.08:002][438]LogModuleManager: Shutting down and abandoning module ProfilerService (336)
[2017.10.25-16.11.08:044][438]LogModuleManager: Shutting down and abandoning module TaskGraph (334)
[2017.10.25-16.11.08:044][438]LogModuleManager: Shutting down and abandoning module SteamVRController (332)
[2017.10.25-16.11.08:044][438]LogModuleManager: Shutting down and abandoning module ProceduralMeshComponentEditor (330)
[2017.10.25-16.11.08:044][438]LogModuleManager: Shutting down and abandoning module ProceduralMeshComponent (328)
[2017.10.25-16.11.08:045][438]LogModuleManager: Shutting down and abandoning module OculusInput (326)
[2017.10.25-16.11.08:045][438]LogModuleManager: Shutting down and abandoning module MobilePatchingUtils (324)
[2017.10.25-16.11.08:045][438]LogModuleManager: Shutting down and abandoning module CustomMeshComponent (322)
[2017.10.25-16.11.08:045][438]LogModuleManager: Shutting down and abandoning module CableComponent (320)
[2017.10.25-16.11.08:045][438]LogModuleManager: Shutting down and abandoning module ArchVisCharacter (318)
[2017.10.25-16.11.08:045][438]LogModuleManager: Shutting down and abandoning module AndroidPermission (316)
[2017.10.25-16.11.08:045][438]LogModuleManager: Shutting down and abandoning module MediaPlayerEditor (312)
[2017.10.25-16.11.08:045][438]LogModuleManager: Shutting down and abandoning module HTML5Networking (310)
[2017.10.25-16.11.08:045][438]LogModuleManager: Shutting down and abandoning module AlembicImporter (308)
[2017.10.25-16.11.08:045][438]LogModuleManager: Shutting down and abandoning module AlembicLibrary (307)
[2017.10.25-16.11.08:045][438]LogModuleManager: Shutting down and abandoning module GeometryCache (306)
[2017.10.25-16.11.08:045][438]LogModuleManager: Shutting down and abandoning module GeometryCacheEd (305)
[2017.10.25-16.11.08:045][438]LogModuleManager: Shutting down and abandoning module SpeedTreeImporter (300)
[2017.10.25-16.11.08:045][438]LogModuleManager: Shutting down and abandoning module PluginBrowser (298)
[2017.10.25-16.11.08:045][438]LogModuleManager: Shutting down and abandoning module MobileLauncherProfileWizard (296)
[2017.10.25-16.11.08:045][438]LogModuleManager: Shutting down and abandoning module VisualStudioSourceCodeAccess (294)
[2017.10.25-16.11.08:045][438]LogModuleManager: Shutting down and abandoning module DesktopPlatform (293)
[2017.10.25-16.11.08:045][438]LogModuleManager: Shutting down and abandoning module UObjectPlugin (290)
[2017.10.25-16.11.08:045][438]LogModuleManager: Shutting down and abandoning module SubversionSourceControl (288)
[2017.10.25-16.11.08:045][438]LogModuleManager: Shutting down and abandoning module PerforceSourceControl (286)
[2017.10.25-16.11.08:045][438]LogModuleManager: Shutting down and abandoning module GitSourceControl (284)
[2017.10.25-16.11.08:045][438]LogModuleManager: Shutting down and abandoning module SourceControl (283)
[2017.10.25-16.11.08:045][438]LogModuleManager: Shutting down and abandoning module LightPropagationVolumeEditor (280)
[2017.10.25-16.11.08:045][438]LogModuleManager: Shutting down and abandoning module PaperTiledImporter (278)
[2017.10.25-16.11.08:045][438]LogModuleManager: Shutting down and abandoning module PaperSpriteSheetImporter (276)
[2017.10.25-16.11.08:045][438]LogModuleManager: Shutting down and abandoning module Paper2DEditor (274)
[2017.10.25-16.11.08:046][438]LogModuleManager: Shutting down and abandoning module MeshPaint (273)
[2017.10.25-16.11.08:046][438]LogModuleManager: Shutting down and abandoning module LevelEditor (271)
[2017.10.25-16.11.08:047][438]LogModuleManager: Shutting down and abandoning module PixelInspectorModule (270)
[2017.10.25-16.11.08:047][438]LogModuleManager: Shutting down and abandoning module MainFrame (268)
[2017.10.25-16.11.08:047][438]LogModuleManager: Shutting down and abandoning module HotReload (267)
[2017.10.25-16.11.08:047][438]LogDirectoryWatcher: A directory notification for 'N:/Diploma Projekt/Diploma_Projekt/Binaries/Win64' was aborted.
[2017.10.25-16.11.08:048][438]LogModuleManager: Shutting down and abandoning module RuntimePhysXCooking (260)
[2017.10.25-16.11.08:048][438]LogModuleManager: Shutting down and abandoning module PhysXVehiclesEditor (258)
[2017.10.25-16.11.08:048][438]LogModuleManager: Shutting down and abandoning module PhysXVehicles (256)
[2017.10.25-16.11.08:048][438]LogModuleManager: Shutting down and abandoning module OculusEditor (254)
[2017.10.25-16.11.08:048][438]LogModuleManager: Shutting down and abandoning module LocationServicesBPLibrary (252)
[2017.10.25-16.11.08:048][438]LogModuleManager: Shutting down and abandoning module ImmediatePhysicsEditor (250)
[2017.10.25-16.11.08:048][438]LogModuleManager: Shutting down and abandoning module ImmediatePhysics (248)
[2017.10.25-16.11.08:048][438]LogModuleManager: Shutting down and abandoning module UdpMessaging (246)
[2017.10.25-16.11.08:149][438]LogModuleManager: Shutting down and abandoning module TcpMessaging (244)
[2017.10.25-16.11.08:250][438]LogModuleManager: Shutting down and abandoning module GameplayTagsEditor (242)
[2017.10.25-16.11.08:250][438]LogModuleManager: Shutting down and abandoning module FacialAnimationEditor (240)
[2017.10.25-16.11.08:250][438]LogModuleManager: Shutting down and abandoning module FacialAnimation (238)
[2017.10.25-16.11.08:250][438]LogModuleManager: Shutting down and abandoning module AssetManagerEditor (236)
[2017.10.25-16.11.08:250][438]LogModuleManager: Shutting down and abandoning module GraphEditor (235)
[2017.10.25-16.11.08:250][438]LogModuleManager: Shutting down and abandoning module ContentBrowser (233)
[2017.10.25-16.11.08:252][438]LogModuleManager: Shutting down and abandoning module LightPropagationVolumeRuntime (230)
[2017.10.25-16.11.08:252][438]LogModuleManager: Shutting down and abandoning module Paper2D (228)
[2017.10.25-16.11.08:252][438]LogModuleManager: Shutting down and abandoning module WindowsMoviePlayer (226)
[2017.10.25-16.11.08:252][438]LogModuleManager: Shutting down and abandoning module WmfMedia (224)
[2017.10.25-16.11.08:252][438]LogModuleManager: Shutting down and abandoning module PacketHandler (222)
[2017.10.25-16.11.08:252][438]LogModuleManager: Shutting down and abandoning module ClothingSystemEditor (220)
[2017.10.25-16.11.08:252][438]LogModuleManager: Shutting down and abandoning module ClothingSystemRuntime (218)
[2017.10.25-16.11.08:252][438]LogModuleManager: Shutting down and abandoning module Overlay (216)
[2017.10.25-16.11.08:252][438]LogModuleManager: Shutting down and abandoning module OverlayEditor (215)
[2017.10.25-16.11.08:252][438]LogModuleManager: Shutting down and abandoning module MediaAssets (212)
[2017.10.25-16.11.08:252][438]LogModuleManager: Shutting down and abandoning module VREditor (210)
[2017.10.25-16.11.08:252][438]LogModuleManager: Shutting down and abandoning module StringTableEditor (208)
[2017.10.25-16.11.08:252][438]LogModuleManager: Shutting down and abandoning module GameplayTasksEditor (206)
[2017.10.25-16.11.08:252][438]LogModuleManager: Shutting down and abandoning module BehaviorTreeEditor (204)
[2017.10.25-16.11.08:252][438]LogModuleManager: Shutting down and abandoning module FunctionalTesting (202)
[2017.10.25-16.11.08:252][438]LogModuleManager: Shutting down and abandoning module CollisionAnalyzer (200)
[2017.10.25-16.11.08:252][438]LogModuleManager: Shutting down and abandoning module WorkspaceMenuStructure (199)
[2017.10.25-16.11.08:252][438]LogModuleManager: Shutting down and abandoning module UMG (196)
[2017.10.25-16.11.08:252][438]LogModuleManager: Shutting down and abandoning module UMGEditor (195)
[2017.10.25-16.11.08:252][438]LogModuleManager: Shutting down and abandoning module Sequencer (194)
[2017.10.25-16.11.08:252][438]LogModuleManager: Shutting down and abandoning module MessageLog (191)
[2017.10.25-16.11.08:253][438]LogModuleManager: Shutting down and abandoning module SlateReflector (186)
[2017.10.25-16.11.08:253][438]LogModuleManager: Shutting down and abandoning module Slate (184)
[2017.10.25-16.11.08:253][438]LogModuleManager: Shutting down and abandoning module EditorStyle (182)
[2017.10.25-16.11.08:255][438]LogModuleManager: Shutting down and abandoning module MRMesh (180)
[2017.10.25-16.11.08:255][438]LogModuleManager: Shutting down and abandoning module SourceCodeAccess (178)
[2017.10.25-16.11.08:255][438]LogModuleManager: Shutting down and abandoning module HeadMountedDisplay (176)
[2017.10.25-16.11.08:255][438]LogModuleManager: Shutting down and abandoning module XAudio2 (174)
[2017.10.25-16.11.08:255][438]LogModuleManager: Shutting down and abandoning module Networking (172)
[2017.10.25-16.11.08:255][438]LogModuleManager: Shutting down and abandoning module Core (168)
[2017.10.25-16.11.08:255][438]LogModuleManager: Shutting down and abandoning module KismetCompiler (164)
[2017.10.25-16.11.08:256][438]LogModuleManager: Shutting down and abandoning module LevelSequence (162)
[2017.10.25-16.11.08:256][438]LogModuleManager: Shutting down and abandoning module MeshUtilities (160)
[2017.10.25-16.11.08:256][438]LogModuleManager: Shutting down and abandoning module MeshMergeUtilities (159)
[2017.10.25-16.11.08:256][438]LogModuleManager: Shutting down and abandoning module MeshReductionInterface (158)
[2017.10.25-16.11.08:256][438]LogModuleManager: Shutting down and abandoning module SimplygonSwarm (157)
[2017.10.25-16.11.08:256][438]LogModuleManager: Shutting down and abandoning module SimplygonMeshReduction (155)
[2017.10.25-16.11.08:256][438]LogModuleManager: Shutting down and abandoning module QuadricMeshReduction (153)
[2017.10.25-16.11.08:256][438]LogModuleManager: Shutting down and abandoning module MaterialBaking (149)
[2017.10.25-16.11.08:256][438]LogModuleManager: Shutting down and abandoning module DirectoryWatcher (146)
[2017.10.25-16.11.08:258][438]LogModuleManager: Shutting down and abandoning module DerivedDataCache (144)
[2017.10.25-16.11.08:344][438]LogDerivedDataCache: Shutdown
[2017.10.25-16.11.08:344][438]LogModuleManager: Shutting down and abandoning module TargetPlatform (142)
[2017.10.25-16.11.08:344][438]LogModuleManager: Shutting down and abandoning module VulkanShaderFormat (141)
[2017.10.25-16.11.08:344][438]LogModuleManager: Shutting down and abandoning module ShaderFormatVectorVM (139)
[2017.10.25-16.11.08:344][438]LogModuleManager: Shutting down and abandoning module ShaderFormatOpenGL (137)
[2017.10.25-16.11.08:344][438]LogModuleManager: Shutting down and abandoning module ShaderFormatD3D (135)
[2017.10.25-16.11.08:344][438]LogModuleManager: Shutting down and abandoning module MetalShaderFormat (133)
[2017.10.25-16.11.08:344][438]LogModuleManager: Shutting down and abandoning module TextureFormatUncompressed (131)
[2017.10.25-16.11.08:345][438]LogModuleManager: Shutting down and abandoning module TextureFormatPVR (129)
[2017.10.25-16.11.08:345][438]LogModuleManager: Shutting down and abandoning module TextureFormatDXT (127)
[2017.10.25-16.11.08:345][438]LogModuleManager: Shutting down and abandoning module TextureFormatIntelISPCTexComp (125)
[2017.10.25-16.11.08:345][438]LogModuleManager: Shutting down and abandoning module TextureFormatASTC (123)
[2017.10.25-16.11.08:345][438]LogModuleManager: Shutting down and abandoning module ImageWrapper (122)
[2017.10.25-16.11.08:345][438]LogModuleManager: Shutting down and abandoning module TextureFormatAndroid (119)
[2017.10.25-16.11.08:345][438]LogModuleManager: Shutting down and abandoning module AudioFormatOpus (117)
[2017.10.25-16.11.08:345][438]LogModuleManager: Shutting down and abandoning module AudioFormatOgg (115)
[2017.10.25-16.11.08:345][438]LogModuleManager: Shutting down and abandoning module AudioFormatADPCM (113)
[2017.10.25-16.11.08:345][438]LogModuleManager: Shutting down and abandoning module LinuxTargetPlatform (111)
[2017.10.25-16.11.08:345][438]LogModuleManager: Shutting down and abandoning module LinuxServerTargetPlatform (109)
[2017.10.25-16.11.08:345][438]LogModuleManager: Shutting down and abandoning module LinuxNoEditorTargetPlatform (107)
[2017.10.25-16.11.08:345][438]LogModuleManager: Shutting down and abandoning module LinuxClientTargetPlatform (105)
[2017.10.25-16.11.08:345][438]LogModuleManager: Shutting down and abandoning module TVOSTargetPlatform (103)
[2017.10.25-16.11.08:345][438]LogModuleManager: Shutting down and abandoning module Messaging (101)
[2017.10.25-16.11.08:345][438]LogModuleManager: Shutting down and abandoning module IOSTargetPlatform (99)
[2017.10.25-16.11.08:345][438]LogModuleManager: Shutting down and abandoning module HTML5TargetPlatform (97)
[2017.10.25-16.11.08:345][438]LogModuleManager: Shutting down and abandoning module Android_PVRTCTargetPlatform (95)
[2017.10.25-16.11.08:345][438]LogModuleManager: Shutting down and abandoning module Android_MultiTargetPlatform (93)
[2017.10.25-16.11.08:345][438]LogModuleManager: Shutting down and abandoning module Android_ETC2TargetPlatform (91)
[2017.10.25-16.11.08:345][438]LogModuleManager: Shutting down and abandoning module Android_ETC1TargetPlatform (89)
[2017.10.25-16.11.08:345][438]LogModuleManager: Shutting down and abandoning module Android_DXTTargetPlatform (87)
[2017.10.25-16.11.08:345][438]LogModuleManager: Shutting down and abandoning module Android_ATCTargetPlatform (85)
[2017.10.25-16.11.08:345][438]LogModuleManager: Shutting down and abandoning module Android_ASTCTargetPlatform (83)
[2017.10.25-16.11.08:345][438]LogModuleManager: Shutting down and abandoning module AndroidTargetPlatform (81)
[2017.10.25-16.11.08:345][438]LogModuleManager: Shutting down and abandoning module WindowsTargetPlatform (79)
[2017.10.25-16.11.08:345][438]LogModuleManager: Shutting down and abandoning module WindowsServerTargetPlatform (77)
[2017.10.25-16.11.08:345][438]LogModuleManager: Shutting down and abandoning module WindowsNoEditorTargetPlatform (75)
[2017.10.25-16.11.08:345][438]LogModuleManager: Shutting down and abandoning module WindowsClientTargetPlatform (73)
[2017.10.25-16.11.08:345][438]LogModuleManager: Shutting down and abandoning module MacTargetPlatform (71)
[2017.10.25-16.11.08:346][438]LogModuleManager: Shutting down and abandoning module MacServerTargetPlatform (69)
[2017.10.25-16.11.08:346][438]LogModuleManager: Shutting down and abandoning module MacNoEditorTargetPlatform (67)
[2017.10.25-16.11.08:346][438]LogModuleManager: Shutting down and abandoning module MacClientTargetPlatform (65)
[2017.10.25-16.11.08:346][438]LogModuleManager: Shutting down and abandoning module AllDesktopTargetPlatform (63)
[2017.10.25-16.11.08:346][438]LogModuleManager: Shutting down and abandoning module InputCore (60)
[2017.10.25-16.11.08:346][438]LogModuleManager: Shutting down and abandoning module Settings (58)
[2017.10.25-16.11.08:346][438]LogModuleManager: Shutting down and abandoning module PhysXCooking (56)
[2017.10.25-16.11.08:346][438]LogModuleManager: Shutting down and abandoning module SteamVR (54)
[2017.10.25-16.11.08:346][438]LogModuleManager: Shutting down and abandoning module OculusHMD (52)
[2017.10.25-16.11.08:346][438]LogModuleManager: Shutting down and abandoning module ExampleDeviceProfileSelector (50)
[2017.10.25-16.11.08:346][438]LogModuleManager: Shutting down and abandoning module OnlineBlueprintSupport (48)
[2017.10.25-16.11.08:346][438]LogModuleManager: Shutting down and abandoning module OnlineSubsystem (44)
[2017.10.25-16.11.08:346][438]LogOnline: Display: Unloading online subsystem: NULL
[2017.10.25-16.11.08:346][438]LogModuleManager: Shutting down and abandoning module XMPP (43)
[2017.10.25-16.11.08:346][438]LogModuleManager: Shutting down and abandoning module HTTP (41)
[2017.10.25-16.11.08:346][438]LogHttp: Display: Http module shutting down, but needs to wait on 1 outstanding Http requests:
[2017.10.25-16.11.08:346][438]LogHttp: Display: 	verb=[POST] url=[https://datarouter.ol.epicgames.com/datarouter/api/v1/public/data?SessionID=%7B4097670F-4EC4-02F4-2915-EB9199847134%7D&AppID=UEEditor.Rocket.Release&AppVersion=4.17.2-3658906%2B%2B%2BUE4%2BRelease-4.17&UserID=db5ad18e44a4cc3c1740c68f86a372ae%7C5965beb68e3245fda8d61dc5b4fe807b%7Cab4e99b7-3ac6-47a5-996e-523a6cf71114&AppEnvironment=datacollector-binary&UploadType=eteventstream] status=Processing
[2017.10.25-16.11.08:368][438]LogModuleManager: Shutting down and abandoning module SSL (40)
[2017.10.25-16.11.08:370][438]LogModuleManager: Shutting down and abandoning module AnimationModifiers (36)
[2017.10.25-16.11.08:370][438]LogModuleManager: Shutting down and abandoning module PropertyEditor (35)
[2017.10.25-16.11.08:370][438]LogModuleManager: Shutting down and abandoning module AudioEditor (32)
[2017.10.25-16.11.08:370][438]LogModuleManager: Shutting down and abandoning module TextureCompressor (30)
[2017.10.25-16.11.08:370][438]LogModuleManager: Shutting down and abandoning module ShaderCore (28)
[2017.10.25-16.11.08:370][438]LogModuleManager: Shutting down and abandoning module Landscape (26)
[2017.10.25-16.11.08:370][438]LogModuleManager: Shutting down and abandoning module SlateRHIRenderer (24)
[2017.10.25-16.11.08:373][438]LogModuleManager: Shutting down and abandoning module OpenGLDrv (22)
[2017.10.25-16.11.08:373][438]LogModuleManager: Shutting down and abandoning module D3D11RHI (20)
[2017.10.25-16.11.08:373][438]LogModuleManager: Shutting down and abandoning module AnimGraphRuntime (18)
[2017.10.25-16.11.08:373][438]LogModuleManager: Shutting down and abandoning module Renderer (16)
[2017.10.25-16.11.08:373][438]LogModuleManager: Shutting down and abandoning module Engine (14)
[2017.10.25-16.11.08:373][438]LogModuleManager: Shutting down and abandoning module CoreUObject (12)
[2017.10.25-16.11.08:373][438]LogModuleManager: Shutting down and abandoning module NetworkFile (10)
[2017.10.25-16.11.08:374][438]LogModuleManager: Shutting down and abandoning module CookedIterativeFile (8)
[2017.10.25-16.11.08:374][438]LogModuleManager: Shutting down and abandoning module StreamingFile (6)
[2017.10.25-16.11.08:374][438]LogModuleManager: Shutting down and abandoning module SandboxFile (4)
[2017.10.25-16.11.08:374][438]LogModuleManager: Shutting down and abandoning module PakFile (2)
[2017.10.25-16.11.08:380][438]LogExit: Exiting.
[2017.10.25-16.11.08:395][438]Log file closed, 10/25/17 18:11:08
